#
# A fatal error has been detected by the Java Runtime Environment:
#
#  EXCEPTION_ACCESS_VIOLATION (0xc0000005) at pc=0x0000000180035c55, pid=216, tid=8652
#
# JRE version: Java(TM) SE Runtime Environment (8.0_77-b03) (build 1.8.0_77-b03)
# Java VM: Java HotSpot(TM) 64-Bit Server VM (25.77-b03 mixed mode windows-amd64 compressed oops)
# Problematic frame:
# C  [ASProxy64.dll+0x35c55]
#
# Failed to write core dump. Minidumps are not enabled by default on client versions of Windows
#
# If you would like to submit a bug report, please visit:
#   http://bugreport.java.com/bugreport/crash.jsp
# The crash happened outside the Java Virtual Machine in native code.
# See problematic frame for where to report the bug.
#

---------------  T H R E A D  ---------------

Current thread (0x000000001c4ae800):  JavaThread "Daemon worker Thread 6" [_thread_in_native, id=8652, stack(0x0000000027140000,0x0000000027240000)]

siginfo: ExceptionCode=0xc0000005, writing address 0x000000000000000e

Registers:
RAX=0x0000000000000000, RBX=0x00000000005d2da0, RCX=0x00000000005d2da0, RDX=0x00000000172a6d60
RSP=0x000000002723a260, RBP=0x0000000000000000, RSI=0x0000000000000000, RDI=0x000000001bce9f80
R8 =0x0000000180080358, R9 =0x0000000180069ffa, R10=0x0000000000000000, R11=0x000000002723a208
R12=0x0000000000000001, R13=0x000000001b6bfcf0, R14=0x000000002723a410, R15=0x0000000000000001
RIP=0x0000000180035c55, EFLAGS=0x0000000000010246

Top of Stack: (sp=0x000000002723a260)
0x000000002723a260:   ff000000001bce9f 000000018006a080
0x000000002723a270:   0000000180069ffb 000000001bce9f80
0x000000002723a280:   000000001c4ae9f8 0000000180036e57
0x000000002723a290:   0000000180080290 00000000005d2da0
0x000000002723a2a0:   0000000180069ffa 0000000053d38d94
0x000000002723a2b0:   000000001c4ae9f8 000000001bce9f80
0x000000002723a2c0:   000000001b6d8f30 000000001b6d8f30
0x000000002723a2d0:   000000001c4ae9f8 00000000540d3fb2
0x000000002723a2e0:   00000000005d2da0 000000001c4ae9f8
0x000000002723a2f0:   000000001b6d8f30 000000001b6d8f30
0x000000002723a300:   0000000000000001 00000000005d2da0
0x000000002723a310:   000000001b6d8f30 0000000000000002
0x000000002723a320:   0000000000000000 0000000000000000
0x000000002723a330:   0000000000000000 0000000000000000
0x000000002723a340:   0000000000000000 000000002723a360
0x000000002723a350:   000000001c4ae800 000000002723a418 

Instructions: (pc=0x0000000180035c55)
0x0000000180035c35:   ff 25 00 00 00 00 5b 40 0e 0b ff 7f 00 00 53 48
0x0000000180035c45:   83 ec 20 48 8b d9 48 89 7c 24 ff 25 00 00 00 00
0x0000000180035c55:   11 40 0e 0b ff 7f 00 00 01 89 04 24 8b 44 24 04
0x0000000180035c65:   0f af 04 24 83 c0 02 89 04 24 8b 44 24 04 0f af 


Register to memory mapping:

RAX=0x0000000000000000 is an unknown value
RBX=0x00000000005d2da0 is an unknown value
RCX=0x00000000005d2da0 is an unknown value
RDX=0x00000000172a6d60 is an unknown value
RSP=0x000000002723a260 is pointing into the stack for thread: 0x000000001c4ae800
RBP=0x0000000000000000 is an unknown value
RSI=0x0000000000000000 is an unknown value
RDI=0x000000001bce9f80 is an unknown value
R8 =0x0000000180080358 is an unknown value
R9 =0x0000000180069ffa is an unknown value
R10=0x0000000000000000 is an unknown value
R11=0x000000002723a208 is pointing into the stack for thread: 0x000000001c4ae800
R12=0x0000000000000001 is an unknown value
R13=0x000000001b6bfcf0 is an unknown value
R14=0x000000002723a410 is pointing into the stack for thread: 0x000000001c4ae800
R15=0x0000000000000001 is an unknown value


Stack: [0x0000000027140000,0x0000000027240000],  sp=0x000000002723a260,  free space=1000k
Native frames: (J=compiled Java code, j=interpreted, Vv=VM code, C=native code)

Java frames: (J=compiled Java code, j=interpreted, Vv=VM code)
j  java.net.Inet6AddressImpl.lookupAllHostAddr(Ljava/lang/String;)[Ljava/net/InetAddress;+0
j  java.net.InetAddress$2.lookupAllHostAddr(Ljava/lang/String;)[Ljava/net/InetAddress;+4
j  java.net.InetAddress.getAddressesFromNameService(Ljava/lang/String;Ljava/net/InetAddress;)[Ljava/net/InetAddress;+51
j  java.net.InetAddress.getAllByName0(Ljava/lang/String;Ljava/net/InetAddress;Z)[Ljava/net/InetAddress;+29
j  java.net.InetAddress.getAllByName(Ljava/lang/String;Ljava/net/InetAddress;)[Ljava/net/InetAddress;+383
j  java.net.InetAddress.getAllByName(Ljava/lang/String;)[Ljava/net/InetAddress;+2
j  org.apache.http.impl.conn.SystemDefaultDnsResolver.resolve(Ljava/lang/String;)[Ljava/net/InetAddress;+1
j  org.apache.http.impl.conn.DefaultHttpClientConnectionOperator.connect(Lorg/apache/http/conn/ManagedHttpClientConnection;Lorg/apache/http/HttpHost;Ljava/net/InetSocketAddress;ILorg/apache/http/config/SocketConfig;Lorg/apache/http/protocol/HttpContext;)V+88
j  org.apache.http.impl.conn.PoolingHttpClientConnectionManager.connect(Lorg/apache/http/HttpClientConnection;Lorg/apache/http/conn/routing/HttpRoute;ILorg/apache/http/protocol/HttpContext;)V+127
j  org.apache.http.impl.execchain.MainClientExec.establishRoute(Lorg/apache/http/auth/AuthState;Lorg/apache/http/HttpClientConnection;Lorg/apache/http/conn/routing/HttpRoute;Lorg/apache/http/HttpRequest;Lorg/apache/http/client/protocol/HttpClientContext;)V+107
j  org.apache.http.impl.execchain.MainClientExec.execute(Lorg/apache/http/conn/routing/HttpRoute;Lorg/apache/http/client/methods/HttpRequestWrapper;Lorg/apache/http/client/protocol/HttpClientContext;Lorg/apache/http/client/methods/HttpExecutionAware;)Lorg/apache/http/client/methods/CloseableHttpResponse;+438
j  org.apache.http.impl.execchain.ProtocolExec.execute(Lorg/apache/http/conn/routing/HttpRoute;Lorg/apache/http/client/methods/HttpRequestWrapper;Lorg/apache/http/client/protocol/HttpClientContext;Lorg/apache/http/client/methods/HttpExecutionAware;)Lorg/apache/http/client/methods/CloseableHttpResponse;+447
j  org.apache.http.impl.execchain.RetryExec.execute(Lorg/apache/http/conn/routing/HttpRoute;Lorg/apache/http/client/methods/HttpRequestWrapper;Lorg/apache/http/client/protocol/HttpClientContext;Lorg/apache/http/client/methods/HttpExecutionAware;)Lorg/apache/http/client/methods/CloseableHttpResponse;+39
j  org.apache.http.impl.execchain.RedirectExec.execute(Lorg/apache/http/conn/routing/HttpRoute;Lorg/apache/http/client/methods/HttpRequestWrapper;Lorg/apache/http/client/protocol/HttpClientContext;Lorg/apache/http/client/methods/HttpExecutionAware;)Lorg/apache/http/client/methods/CloseableHttpResponse;+85
j  org.apache.http.impl.client.InternalHttpClient.doExecute(Lorg/apache/http/HttpHost;Lorg/apache/http/HttpRequest;Lorg/apache/http/protocol/HttpContext;)Lorg/apache/http/client/methods/CloseableHttpResponse;+168
j  org.apache.http.impl.client.CloseableHttpClient.execute(Lorg/apache/http/client/methods/HttpUriRequest;Lorg/apache/http/protocol/HttpContext;)Lorg/apache/http/client/methods/CloseableHttpResponse;+14
j  org.gradle.internal.resource.transport.http.HttpClientHelper.performHttpRequest(Lorg/apache/http/client/methods/HttpRequestBase;)Lorg/apache/http/HttpResponse;+37
j  org.gradle.internal.resource.transport.http.HttpClientHelper.executeGetOrHead(Lorg/apache/http/client/methods/HttpRequestBase;)Lorg/apache/http/HttpResponse;+2
j  org.gradle.internal.resource.transport.http.HttpClientHelper.performRequest(Lorg/apache/http/client/methods/HttpRequestBase;)Lorg/apache/http/HttpResponse;+7
j  org.gradle.internal.resource.transport.http.HttpClientHelper.performRawGet(Ljava/lang/String;)Lorg/apache/http/HttpResponse;+9
j  org.gradle.internal.resource.transport.http.HttpClientHelper.performGet(Ljava/lang/String;)Lorg/apache/http/HttpResponse;+6
j  org.gradle.internal.resource.transport.http.HttpResourceAccessor.openResource(Ljava/net/URI;)Lorg/gradle/internal/resource/transport/http/HttpResponseResource;+25
j  org.gradle.internal.resource.transport.http.HttpResourceAccessor.openResource(Ljava/net/URI;)Lorg/gradle/internal/resource/transfer/ExternalResourceReadResponse;+2
j  org.gradle.internal.resource.transfer.DefaultExternalResourceConnector.openResource(Ljava/net/URI;)Lorg/gradle/internal/resource/transfer/ExternalResourceReadResponse;+5
j  org.gradle.internal.resource.transport.DefaultExternalResourceRepository.getResource(Ljava/net/URI;)Lorg/gradle/internal/resource/ExternalResource;+5
j  org.gradle.api.internal.artifacts.repositories.resolver.MavenMetadataLoader.parseMavenMetadataInfo(Ljava/net/URI;Lorg/gradle/api/internal/artifacts/repositories/resolver/MavenMetadata;)V+5
j  org.gradle.api.internal.artifacts.repositories.resolver.MavenMetadataLoader.load(Ljava/net/URI;)Lorg/gradle/api/internal/artifacts/repositories/resolver/MavenMetadata;+11
j  org.gradle.api.internal.artifacts.repositories.resolver.MavenVersionLister$1.visit(Lorg/gradle/api/internal/artifacts/repositories/resolver/ResourcePattern;Lorg/gradle/internal/component/model/IvyArtifactName;)V+51
j  org.gradle.api.internal.artifacts.repositories.resolver.ChainedVersionLister$1.visit(Lorg/gradle/api/internal/artifacts/repositories/resolver/ResourcePattern;Lorg/gradle/internal/component/model/IvyArtifactName;)V+39
j  org.gradle.api.internal.artifacts.repositories.resolver.ExternalResourceResolver.listVersionsForAllPatterns(Ljava/util/List;Lorg/gradle/internal/component/model/IvyArtifactName;Lorg/gradle/api/internal/artifacts/repositories/resolver/VersionPatternVisitor;)V+34
j  org.gradle.api.internal.artifacts.repositories.resolver.ExternalResourceResolver.doListModuleVersions(Lorg/gradle/internal/component/model/DependencyMetaData;Lorg/gradle/internal/resolve/result/BuildableModuleVersionListingResolveResult;)V+80
j  org.gradle.api.internal.artifacts.repositories.resolver.ExternalResourceResolver.access$100(Lorg/gradle/api/internal/artifacts/repositories/resolver/ExternalResourceResolver;Lorg/gradle/internal/component/model/DependencyMetaData;Lorg/gradle/internal/resolve/result/BuildableModuleVersionListingResolveResult;)V+3
j  org.gradle.api.internal.artifacts.repositories.resolver.ExternalResourceResolver$RemoteRepositoryAccess.listModuleVersions(Lorg/gradle/internal/component/model/DependencyMetaData;Lorg/gradle/internal/resolve/result/BuildableModuleVersionListingResolveResult;)V+6
j  org.gradle.api.internal.artifacts.ivyservice.ivyresolve.CacheLockReleasingModuleComponentsRepository$LockReleasingRepositoryAccess$1.run()V+15
J 6580 C1 org.gradle.internal.Factories$1.create()Ljava/lang/Object; (11 bytes) @ 0x0000000002e3d4c4 [0x0000000002e3d3c0+0x104]
j  org.gradle.cache.internal.DefaultCacheAccess.longRunningOperation(Ljava/lang/String;Lorg/gradle/internal/Factory;)Ljava/lang/Object;+7
j  org.gradle.cache.internal.DefaultCacheAccess.longRunningOperation(Ljava/lang/String;Ljava/lang/Runnable;)V+6
j  org.gradle.cache.internal.DefaultPersistentDirectoryStore.longRunningOperation(Ljava/lang/String;Ljava/lang/Runnable;)V+6
j  org.gradle.cache.internal.DefaultCacheFactory$ReferenceTrackingCache.longRunningOperation(Ljava/lang/String;Ljava/lang/Runnable;)V+9
j  org.gradle.api.internal.artifacts.ivyservice.DefaultCacheLockingManager.longRunningOperation(Ljava/lang/String;Ljava/lang/Runnable;)V+6
j  org.gradle.api.internal.artifacts.ivyservice.ivyresolve.CacheLockReleasingModuleComponentsRepository$LockReleasingRepositoryAccess.listModuleVersions(Lorg/gradle/internal/component/model/DependencyMetaData;Lorg/gradle/internal/resolve/result/BuildableModuleVersionListingResolveResult;)V+34
j  org.gradle.api.internal.artifacts.ivyservice.ivyresolve.CachingModuleComponentRepository$ResolveAndCacheRepositoryAccess.listModuleVersions(Lorg/gradle/internal/component/model/DependencyMetaData;Lorg/gradle/internal/resolve/result/BuildableModuleVersionListingResolveResult;)V+14
j  org.gradle.api.internal.artifacts.ivyservice.ivyresolve.BaseModuleComponentRepositoryAccess.listModuleVersions(Lorg/gradle/internal/component/model/DependencyMetaData;Lorg/gradle/internal/resolve/result/BuildableModuleVersionListingResolveResult;)V+6
j  org.gradle.api.internal.artifacts.ivyservice.ivyresolve.memcache.InMemoryCachedModuleComponentRepository$CachedAccess.listModuleVersions(Lorg/gradle/internal/component/model/DependencyMetaData;Lorg/gradle/internal/resolve/result/BuildableModuleVersionListingResolveResult;)V+20
j  org.gradle.api.internal.artifacts.ivyservice.ivyresolve.ErrorHandlingModuleComponentRepository$ErrorHandlingModuleComponentRepositoryAccess.listModuleVersions(Lorg/gradle/internal/component/model/DependencyMetaData;Lorg/gradle/internal/resolve/result/BuildableModuleVersionListingResolveResult;)V+6
j  org.gradle.api.internal.artifacts.ivyservice.ivyresolve.DynamicVersionResolver$VersionListResult.process(Lorg/gradle/internal/component/model/DependencyMetaData;Lorg/gradle/api/internal/artifacts/ivyservice/ivyresolve/ModuleComponentRepositoryAccess;)V+6
j  org.gradle.api.internal.artifacts.ivyservice.ivyresolve.DynamicVersionResolver$VersionListResult.resolve()V+81
j  org.gradle.api.internal.artifacts.ivyservice.ivyresolve.DynamicVersionResolver$RepositoryResolveState.resolve()V+4
j  org.gradle.api.internal.artifacts.ivyservice.ivyresolve.DynamicVersionResolver.findLatestModule(Ljava/util/LinkedList;Ljava/util/Collection;Ljava/util/Collection;)Lorg/gradle/api/internal/artifacts/ivyservice/ivyresolve/RepositoryChainModuleResolution;+21
j  org.gradle.api.internal.artifacts.ivyservice.ivyresolve.DynamicVersionResolver.findLatestModule(Ljava/util/List;Ljava/util/Collection;)Lorg/gradle/api/internal/artifacts/ivyservice/ivyresolve/RepositoryChainModuleResolution;+28
j  org.gradle.api.internal.artifacts.ivyservice.ivyresolve.DynamicVersionResolver.resolve(Lorg/gradle/internal/component/model/DependencyMetaData;Lorg/gradle/internal/resolve/result/BuildableComponentIdResolveResult;)V+100
J 9190 C1 org.gradle.api.internal.artifacts.ivyservice.ivyresolve.RepositoryChainDependencyToComponentIdResolver.resolve(Lorg/gradle/internal/component/model/DependencyMetaData;Lorg/gradle/internal/resolve/result/BuildableComponentIdResolveResult;)V (107 bytes) @ 0x0000000003d08894 [0x0000000003d084e0+0x3b4]
J 9188 C1 org.gradle.api.internal.artifacts.ivyservice.resolveengine.ComponentResolversChain$DependencyToComponentIdResolverChain.resolve(Lorg/gradle/internal/component/model/DependencyMetaData;Lorg/gradle/internal/resolve/result/BuildableComponentIdResolveResult;)V (53 bytes) @ 0x0000000003d052cc [0x0000000003d04e60+0x46c]
J 8473 C1 org.gradle.api.internal.artifacts.ivyservice.dependencysubstitution.DependencySubstitutionResolver.resolve(Lorg/gradle/internal/component/model/DependencyMetaData;Lorg/gradle/internal/resolve/result/BuildableComponentIdResolveResult;)V (115 bytes) @ 0x0000000003acfbfc [0x0000000003acf400+0x7fc]
J 7457 C1 org.gradle.api.internal.artifacts.ivyservice.resolveengine.graph.DependencyGraphBuilder$ModuleVersionSelectorResolveState.resolveModuleRevisionId()Lorg/gradle/api/internal/artifacts/ivyservice/resolveengine/graph/DependencyGraphBuilder$ModuleVersionResolveState; (145 bytes) @ 0x00000000037f4064 [0x00000000037f3c00+0x464]
J 7456 C1 org.gradle.api.internal.artifacts.ivyservice.resolveengine.graph.DependencyGraphBuilder$DependencyEdge.resolveModuleRevisionId()Lorg/gradle/api/internal/artifacts/ivyservice/resolveengine/graph/DependencyGraphBuilder$ModuleVersionResolveState; (34 bytes) @ 0x00000000037c1e74 [0x00000000037c1da0+0xd4]
j  org.gradle.api.internal.artifacts.ivyservice.resolveengine.graph.DependencyGraphBuilder.traverseGraph(Lorg/gradle/api/internal/artifacts/ivyservice/resolveengine/graph/DependencyGraphBuilder$ResolveState;Lorg/gradle/api/internal/artifacts/ivyservice/resolveengine/graph/conflicts/ConflictHandler;)V+113
j  org.gradle.api.internal.artifacts.ivyservice.resolveengine.graph.DependencyGraphBuilder.resolve(Lorg/gradle/api/internal/artifacts/ResolveContext;Lorg/gradle/api/internal/artifacts/ivyservice/resolveengine/graph/DependencyGraphVisitor;)V+79
j  org.gradle.api.internal.artifacts.ivyservice.resolveengine.DefaultArtifactDependencyResolver$1.execute(Lorg/apache/ivy/Ivy;)V+135
j  org.gradle.api.internal.artifacts.ivyservice.resolveengine.DefaultArtifactDependencyResolver$1.execute(Ljava/lang/Object;)V+5
J 7576 C1 org.gradle.internal.Transformers$4.transform(Ljava/lang/Object;)Ljava/lang/Object; (12 bytes) @ 0x000000000388a984 [0x000000000388a880+0x104]
J 7575 C1 org.gradle.api.internal.artifacts.ivyservice.DefaultIvyContextManager.withIvy(Lorg/gradle/api/Transformer;)Ljava/lang/Object; (155 bytes) @ 0x0000000003880c74 [0x000000000387d160+0x3b14]
J 7572 C1 org.gradle.api.internal.artifacts.ivyservice.DefaultIvyContextManager.withIvy(Lorg/gradle/api/Action;)V (10 bytes) @ 0x0000000003879ca4 [0x0000000003879ae0+0x1c4]
j  org.gradle.api.internal.artifacts.ivyservice.resolveengine.DefaultArtifactDependencyResolver.resolve(Lorg/gradle/api/internal/artifacts/ResolveContext;Ljava/util/List;Lorg/gradle/api/internal/artifacts/GlobalDependencyResolutionRules;Lorg/gradle/api/internal/artifacts/ivyservice/resolveengine/graph/DependencyGraphVisitor;Lorg/gradle/api/internal/artifacts/ivyservice/resolveengine/artifact/DependencyArtifactsVisitor;)V+19
j  org.gradle.api.internal.artifacts.ivyservice.CacheLockingArtifactDependencyResolver$1.run()V+27
J 6580 C1 org.gradle.internal.Factories$1.create()Ljava/lang/Object; (11 bytes) @ 0x0000000002e3d4c4 [0x0000000002e3d3c0+0x104]
J 4798 C1 org.gradle.cache.internal.DefaultCacheAccess.useCache(Ljava/lang/String;Lorg/gradle/internal/Factory;)Ljava/lang/Object; (215 bytes) @ 0x00000000032cf49c [0x00000000032cf0e0+0x3bc]
J 4797 C1 org.gradle.cache.internal.DefaultCacheAccess.useCache(Ljava/lang/String;Ljava/lang/Runnable;)V (11 bytes) @ 0x00000000032cdd64 [0x00000000032cdba0+0x1c4]
J 4796 C1 org.gradle.cache.internal.DefaultPersistentDirectoryStore.useCache(Ljava/lang/String;Ljava/lang/Runnable;)V (12 bytes) @ 0x00000000032ce2c4 [0x00000000032ce1c0+0x104]
J 4795 C1 org.gradle.cache.internal.DefaultCacheFactory$ReferenceTrackingCache.useCache(Ljava/lang/String;Ljava/lang/Runnable;)V (15 bytes) @ 0x00000000032ce75c [0x00000000032ce640+0x11c]
J 4794 C1 org.gradle.api.internal.artifacts.ivyservice.DefaultCacheLockingManager.useCache(Ljava/lang/String;Ljava/lang/Runnable;)V (12 bytes) @ 0x00000000032cec04 [0x00000000032ceb00+0x104]
j  org.gradle.api.internal.artifacts.ivyservice.CacheLockingArtifactDependencyResolver.resolve(Lorg/gradle/api/internal/artifacts/ResolveContext;Ljava/util/List;Lorg/gradle/api/internal/artifacts/GlobalDependencyResolutionRules;Lorg/gradle/api/internal/artifacts/ivyservice/resolveengine/graph/DependencyGraphVisitor;Lorg/gradle/api/internal/artifacts/ivyservice/resolveengine/artifact/DependencyArtifactsVisitor;)V+32
j  org.gradle.api.internal.artifacts.ivyservice.DefaultConfigurationResolver.resolve(Lorg/gradle/api/internal/artifacts/configurations/ConfigurationInternal;Lorg/gradle/api/internal/artifacts/ResolverResults;)V+216
j  org.gradle.api.internal.artifacts.ivyservice.SelfResolvingDependencyConfigurationResolver.resolve(Lorg/gradle/api/internal/artifacts/configurations/ConfigurationInternal;Lorg/gradle/api/internal/artifacts/ResolverResults;)V+6
j  org.gradle.api.internal.artifacts.ivyservice.ShortCircuitEmptyConfigurationResolver.resolve(Lorg/gradle/api/internal/artifacts/configurations/ConfigurationInternal;Lorg/gradle/api/internal/artifacts/ResolverResults;)V+90
j  org.gradle.api.internal.artifacts.ivyservice.ErrorHandlingConfigurationResolver.resolve(Lorg/gradle/api/internal/artifacts/configurations/ConfigurationInternal;Lorg/gradle/api/internal/artifacts/ResolverResults;)V+6
j  org.gradle.api.internal.artifacts.configurations.DefaultConfiguration.resolveGraphIfRequired(Lorg/gradle/api/internal/artifacts/configurations/ConfigurationInternal$InternalState;)V+93
j  org.gradle.api.internal.artifacts.configurations.DefaultConfiguration.resolveNow(Lorg/gradle/api/internal/artifacts/configurations/ConfigurationInternal$InternalState;)V+23
j  org.gradle.api.internal.artifacts.configurations.DefaultConfiguration.getResolvedConfiguration()Lorg/gradle/api/artifacts/ResolvedConfiguration;+4
j  org.gradle.api.internal.artifacts.configurations.DefaultConfiguration_Decorated.getResolvedConfiguration()Lorg/gradle/api/artifacts/ResolvedConfiguration;+7
j  com.android.build.gradle.internal.DependencyManager.collectArtifacts(Lorg/gradle/api/artifacts/Configuration;Ljava/util/Map;)V+14
j  com.android.build.gradle.internal.DependencyManager.resolveDependencyForConfig(Lcom/android/build/gradle/internal/dependency/VariantDependencies;Lcom/android/build/gradle/internal/dependency/VariantDependencies;Ljava/lang/String;Lcom/google/common/collect/Multimap;)V+39
j  com.android.build.gradle.internal.DependencyManager.resolveDependencies(Lcom/android/build/gradle/internal/dependency/VariantDependencies;Lcom/android/build/gradle/internal/dependency/VariantDependencies;Ljava/lang/String;)V+11
j  com.android.build.gradle.internal.TaskManager.resolveDependencies(Lcom/android/build/gradle/internal/dependency/VariantDependencies;Lcom/android/build/gradle/internal/dependency/VariantDependencies;Ljava/lang/String;)V+7
j  com.android.build.gradle.internal.VariantManager$9.call()Ljava/lang/Void;+16
j  com.android.build.gradle.internal.VariantManager$9.call()Ljava/lang/Object;+1
J 11149 C1 com.android.builder.profile.ThreadRecorder$1.record(Lcom/android/builder/profile/ExecutionType;Lcom/android/builder/profile/Recorder$Block;[Lcom/android/builder/profile/Recorder$Property;)Ljava/lang/Object; (10 bytes) @ 0x000000000425d514 [0x000000000425d300+0x214]
j  com.android.build.gradle.internal.profile.SpanRecorders.record(Lorg/gradle/api/Project;Lcom/android/builder/profile/ExecutionType;Lcom/android/builder/profile/Recorder$Block;[Lcom/android/builder/profile/Recorder$Property;)Ljava/lang/Object;+45
j  com.android.build.gradle.internal.VariantManager.createVariantData(Lcom/android/builder/model/BuildType;Ljava/util/List;)Lcom/android/build/gradle/internal/variant/BaseVariantData;+603
j  com.android.build.gradle.internal.VariantManager.createVariantDataForProductFlavors(Ljava/util/List;)V+184
j  com.android.build.gradle.internal.VariantManager.populateVariantDataList()V+16
j  com.android.build.gradle.internal.VariantManager$1.call()Ljava/lang/Void;+4
j  com.android.build.gradle.internal.VariantManager$1.call()Ljava/lang/Object;+1
J 11149 C1 com.android.builder.profile.ThreadRecorder$1.record(Lcom/android/builder/profile/ExecutionType;Lcom/android/builder/profile/Recorder$Block;[Lcom/android/builder/profile/Recorder$Property;)Ljava/lang/Object; (10 bytes) @ 0x000000000425d514 [0x000000000425d300+0x214]
j  com.android.build.gradle.internal.VariantManager.createAndroidTasks()V+70
j  com.android.build.gradle.BasePlugin$12.call()Ljava/lang/Void;+7
j  com.android.build.gradle.BasePlugin$12.call()Ljava/lang/Object;+1
J 11149 C1 com.android.builder.profile.ThreadRecorder$1.record(Lcom/android/builder/profile/ExecutionType;Lcom/android/builder/profile/Recorder$Block;[Lcom/android/builder/profile/Recorder$Property;)Ljava/lang/Object; (10 bytes) @ 0x000000000425d514 [0x000000000425d300+0x214]
j  com.android.build.gradle.BasePlugin.createAndroidTasks(Z)V+310
j  com.android.build.gradle.BasePlugin$10$1.call()Ljava/lang/Void;+8
j  com.android.build.gradle.BasePlugin$10$1.call()Ljava/lang/Object;+1
J 11149 C1 com.android.builder.profile.ThreadRecorder$1.record(Lcom/android/builder/profile/ExecutionType;Lcom/android/builder/profile/Recorder$Block;[Lcom/android/builder/profile/Recorder$Property;)Ljava/lang/Object; (10 bytes) @ 0x000000000425d514 [0x000000000425d300+0x214]
j  com.android.build.gradle.BasePlugin$10.execute(Lorg/gradle/api/Project;)V+36
j  com.android.build.gradle.BasePlugin$10.execute(Ljava/lang/Object;)V+5
j  org.gradle.internal.event.BroadcastDispatch$ActionInvocationHandler.dispatch(Lorg/gradle/messaging/dispatch/MethodInvocation;)V+27
j  org.gradle.internal.event.BroadcastDispatch$ActionInvocationHandler.dispatch(Ljava/lang/Object;)V+5
J 8315 C2 org.gradle.messaging.dispatch.ProxyDispatchAdapter$DispatchingInvocationHandler.invoke(Ljava/lang/Object;Ljava/lang/reflect/Method;[Ljava/lang/Object;)Ljava/lang/Object; (179 bytes) @ 0x0000000003a54ad0 [0x0000000003a54600+0x4d0]
j  com.sun.proxy.$Proxy11.afterEvaluate(Lorg/gradle/api/Project;Lorg/gradle/api/ProjectState;)V+20
j  org.gradle.configuration.project.LifecycleProjectEvaluator.notifyAfterEvaluate(Lorg/gradle/api/ProjectEvaluationListener;Lorg/gradle/api/internal/project/ProjectInternal;Lorg/gradle/api/internal/project/ProjectStateInternal;)V+3
j  org.gradle.configuration.project.LifecycleProjectEvaluator.evaluate(Lorg/gradle/api/internal/project/ProjectInternal;Lorg/gradle/api/internal/project/ProjectStateInternal;)V+72
j  org.gradle.api.internal.project.AbstractProject.evaluate()Lorg/gradle/api/internal/project/AbstractProject;+9
j  org.gradle.api.internal.project.AbstractProject.evaluate()Lorg/gradle/api/Project;+1
j  org.gradle.execution.TaskPathProjectEvaluator.configureHierarchy(Lorg/gradle/api/internal/project/ProjectInternal;)V+82
j  org.gradle.configuration.DefaultBuildConfigurer.configure(Lorg/gradle/api/internal/GradleInternal;)V+50
j  org.gradle.initialization.DefaultGradleLauncher$2.run()V+14
J 6580 C1 org.gradle.internal.Factories$1.create()Ljava/lang/Object; (11 bytes) @ 0x0000000002e3d4c4 [0x0000000002e3d3c0+0x104]
j  org.gradle.internal.progress.DefaultBuildOperationExecutor.run(Lorg/gradle/internal/progress/BuildOperationDetails;Lorg/gradle/internal/Factory;)Ljava/lang/Object;+171
j  org.gradle.internal.progress.DefaultBuildOperationExecutor.run(Ljava/lang/String;Ljava/lang/Runnable;)V+12
j  org.gradle.initialization.DefaultGradleLauncher.doBuildStages(Lorg/gradle/initialization/DefaultGradleLauncher$Stage;)V+39
j  org.gradle.initialization.DefaultGradleLauncher.access$200(Lorg/gradle/initialization/DefaultGradleLauncher;Lorg/gradle/initialization/DefaultGradleLauncher$Stage;)V+2
j  org.gradle.initialization.DefaultGradleLauncher$1.create()Lorg/gradle/BuildResult;+29
j  org.gradle.initialization.DefaultGradleLauncher$1.create()Ljava/lang/Object;+1
j  org.gradle.internal.progress.DefaultBuildOperationExecutor.run(Lorg/gradle/internal/progress/BuildOperationDetails;Lorg/gradle/internal/Factory;)Ljava/lang/Object;+171
j  org.gradle.internal.progress.DefaultBuildOperationExecutor.run(Ljava/lang/String;Lorg/gradle/internal/Factory;)Ljava/lang/Object;+9
j  org.gradle.initialization.DefaultGradleLauncher.doBuild(Lorg/gradle/initialization/DefaultGradleLauncher$Stage;)Lorg/gradle/BuildResult;+25
j  org.gradle.initialization.DefaultGradleLauncher.getBuildAnalysis()Lorg/gradle/BuildResult;+4
j  org.gradle.launcher.exec.InProcessBuildActionExecuter$DefaultBuildController.configure()Lorg/gradle/api/internal/GradleInternal;+4
j  org.gradle.tooling.internal.provider.runner.ClientProvidedBuildActionRunner.run(Lorg/gradle/internal/invocation/BuildAction;Lorg/gradle/internal/invocation/BuildController;)V+56
j  org.gradle.launcher.exec.ChainingBuildActionRunner.run(Lorg/gradle/internal/invocation/BuildAction;Lorg/gradle/internal/invocation/BuildController;)V+34
j  org.gradle.tooling.internal.provider.runner.SubscribableBuildActionRunner.run(Lorg/gradle/internal/invocation/BuildAction;Lorg/gradle/internal/invocation/BuildController;)V+37
j  org.gradle.launcher.exec.ChainingBuildActionRunner.run(Lorg/gradle/internal/invocation/BuildAction;Lorg/gradle/internal/invocation/BuildController;)V+34
j  org.gradle.launcher.exec.InProcessBuildActionExecuter.execute(Lorg/gradle/internal/invocation/BuildAction;Lorg/gradle/initialization/BuildRequestContext;Lorg/gradle/launcher/exec/BuildActionParameters;Lorg/gradle/internal/service/ServiceRegistry;)Ljava/lang/Object;+63
j  org.gradle.launcher.exec.InProcessBuildActionExecuter.execute(Lorg/gradle/internal/invocation/BuildAction;Lorg/gradle/initialization/BuildRequestContext;Ljava/lang/Object;Lorg/gradle/internal/service/ServiceRegistry;)Ljava/lang/Object;+9
j  org.gradle.launcher.exec.ContinuousBuildActionExecuter.execute(Lorg/gradle/internal/invocation/BuildAction;Lorg/gradle/initialization/BuildRequestContext;Lorg/gradle/launcher/exec/BuildActionParameters;Lorg/gradle/internal/service/ServiceRegistry;)Ljava/lang/Object;+70
j  org.gradle.launcher.exec.ContinuousBuildActionExecuter.execute(Lorg/gradle/internal/invocation/BuildAction;Lorg/gradle/initialization/BuildRequestContext;Ljava/lang/Object;Lorg/gradle/internal/service/ServiceRegistry;)Ljava/lang/Object;+9
j  org.gradle.launcher.daemon.server.exec.ExecuteBuild.doBuild(Lorg/gradle/launcher/daemon/server/api/DaemonCommandExecution;Lorg/gradle/launcher/daemon/protocol/Build;)V+74
j  org.gradle.launcher.daemon.server.exec.BuildCommandOnly.execute(Lorg/gradle/launcher/daemon/server/api/DaemonCommandExecution;)V+49
j  org.gradle.launcher.daemon.server.api.DaemonCommandExecution.proceed()Z+28
j  org.gradle.launcher.daemon.server.exec.WatchForDisconnection.execute(Lorg/gradle/launcher/daemon/server/api/DaemonCommandExecution;)V+19
j  org.gradle.launcher.daemon.server.api.DaemonCommandExecution.proceed()Z+28
j  org.gradle.launcher.daemon.server.exec.ResetDeprecationLogger.execute(Lorg/gradle/launcher/daemon/server/api/DaemonCommandExecution;)V+4
j  org.gradle.launcher.daemon.server.api.DaemonCommandExecution.proceed()Z+28
j  org.gradle.launcher.daemon.server.exec.RequestStopIfSingleUsedDaemon.execute(Lorg/gradle/launcher/daemon/server/api/DaemonCommandExecution;)V+31
j  org.gradle.launcher.daemon.server.api.DaemonCommandExecution.proceed()Z+28
j  org.gradle.launcher.daemon.server.exec.ForwardClientInput$2.call()Ljava/lang/Void;+4
j  org.gradle.launcher.daemon.server.exec.ForwardClientInput$2.call()Ljava/lang/Object;+1
j  org.gradle.util.Swapper.swap(Ljava/lang/Object;Ljava/util/concurrent/Callable;)Ljava/lang/Object;+21
j  org.gradle.launcher.daemon.server.exec.ForwardClientInput.execute(Lorg/gradle/launcher/daemon/server/api/DaemonCommandExecution;)V+63
j  org.gradle.launcher.daemon.server.api.DaemonCommandExecution.proceed()Z+28
j  org.gradle.launcher.daemon.server.health.DaemonHealthTracker.execute(Lorg/gradle/launcher/daemon/server/api/DaemonCommandExecution;)V+35
j  org.gradle.launcher.daemon.server.api.DaemonCommandExecution.proceed()Z+28
j  org.gradle.launcher.daemon.server.exec.LogToClient.doBuild(Lorg/gradle/launcher/daemon/server/api/DaemonCommandExecution;Lorg/gradle/launcher/daemon/protocol/Build;)V+97
j  org.gradle.launcher.daemon.server.exec.BuildCommandOnly.execute(Lorg/gradle/launcher/daemon/server/api/DaemonCommandExecution;)V+49
j  org.gradle.launcher.daemon.server.api.DaemonCommandExecution.proceed()Z+28
j  org.gradle.launcher.daemon.server.exec.EstablishBuildEnvironment.doBuild(Lorg/gradle/launcher/daemon/server/api/DaemonCommandExecution;Lorg/gradle/launcher/daemon/protocol/Build;)V+279
j  org.gradle.launcher.daemon.server.exec.BuildCommandOnly.execute(Lorg/gradle/launcher/daemon/server/api/DaemonCommandExecution;)V+49
j  org.gradle.launcher.daemon.server.api.DaemonCommandExecution.proceed()Z+28
j  org.gradle.launcher.daemon.server.health.HintGCAfterBuild.execute(Lorg/gradle/launcher/daemon/server/api/DaemonCommandExecution;)V+1
j  org.gradle.launcher.daemon.server.api.DaemonCommandExecution.proceed()Z+28
j  org.gradle.launcher.daemon.server.exec.StartBuildOrRespondWithBusy$1.run()V+44
j  org.gradle.launcher.daemon.server.DaemonStateCoordinator$1.run()V+4
j  org.gradle.internal.concurrent.ExecutorPolicy$CatchAndRecordFailures.onExecute(Ljava/lang/Runnable;)V+1
j  org.gradle.internal.concurrent.StoppableExecutorImpl$1.run()V+25
j  java.util.concurrent.ThreadPoolExecutor.runWorker(Ljava/util/concurrent/ThreadPoolExecutor$Worker;)V+95
j  java.util.concurrent.ThreadPoolExecutor$Worker.run()V+5
j  java.lang.Thread.run()V+11
v  ~StubRoutines::call_stub

---------------  P R O C E S S  ---------------

Java Threads: ( => current thread )
  0x000000001c4af800 JavaThread "Stdin handler" [_thread_blocked, id=8, stack(0x0000000027240000,0x0000000027340000)]
=>0x000000001c4ae800 JavaThread "Daemon worker Thread 6" [_thread_in_native, id=8652, stack(0x0000000027140000,0x0000000027240000)]
  0x000000001c4a0800 JavaThread "Cancel handler" [_thread_blocked, id=5140, stack(0x0000000027040000,0x0000000027140000)]
  0x000000001c4a7000 JavaThread "Handler for socket connection from /127.0.0.1:56264 to /127.0.0.1:50463" [_thread_in_native, id=10980, stack(0x0000000026f40000,0x0000000027040000)]
  0x000000001c4a3800 JavaThread "Daemon Thread 6" [_thread_blocked, id=3176, stack(0x0000000026e40000,0x0000000026f40000)]
  0x000000001c4ad000 JavaThread "pool-4-thread-1" [_thread_blocked, id=7260, stack(0x0000000025e40000,0x0000000025f40000)]
  0x0000000016a2d000 JavaThread "File lock request listener" [_thread_in_native, id=9800, stack(0x000000001b0d0000,0x000000001b1d0000)]
  0x00000000183e0000 JavaThread "Incoming local TCP Connector on port 56264" [_thread_in_native, id=4876, stack(0x0000000019100000,0x0000000019200000)]
  0x0000000014a1d800 JavaThread "Service Thread" daemon [_thread_blocked, id=488, stack(0x0000000016740000,0x0000000016840000)]
  0x00000000149c6800 JavaThread "C1 CompilerThread2" daemon [_thread_blocked, id=4440, stack(0x0000000016240000,0x0000000016340000)]
  0x00000000149c4000 JavaThread "C2 CompilerThread1" daemon [_thread_in_native, id=2796, stack(0x0000000016140000,0x0000000016240000)]
  0x00000000149c0800 JavaThread "C2 CompilerThread0" daemon [_thread_in_native, id=8632, stack(0x0000000016040000,0x0000000016140000)]
  0x00000000149bf000 JavaThread "Attach Listener" daemon [_thread_blocked, id=9908, stack(0x0000000015f40000,0x0000000016040000)]
  0x00000000149ba000 JavaThread "Signal Dispatcher" daemon [_thread_blocked, id=4144, stack(0x0000000015e40000,0x0000000015f40000)]
  0x00000000149aa800 JavaThread "Finalizer" daemon [_thread_blocked, id=9944, stack(0x0000000015c30000,0x0000000015d30000)]
  0x00000000022e0000 JavaThread "Reference Handler" daemon [_thread_blocked, id=9536, stack(0x0000000015b30000,0x0000000015c30000)]
  0x00000000021ee000 JavaThread "main" [_thread_blocked, id=8628, stack(0x0000000002090000,0x0000000002190000)]

Other Threads:
  0x0000000014988000 VMThread [stack: 0x0000000015a30000,0x0000000015b30000] [id=9828]
  0x0000000014a1e800 WatcherThread [stack: 0x0000000016840000,0x0000000016940000] [id=9248]

VM state:not at safepoint (normal execution)

VM Mutex/Monitor currently owned by a thread: None

Heap:
 PSYoungGen      total 294400K, used 106179K [0x00000000eab00000, 0x00000000fe700000, 0x0000000100000000)
  eden space 266752K, 39% used [0x00000000eab00000,0x00000000f12b0d08,0x00000000faf80000)
  from space 27648K, 0% used [0x00000000fcb00000,0x00000000fcb00000,0x00000000fe600000)
  to   space 28160K, 0% used [0x00000000faf80000,0x00000000faf80000,0x00000000fcb00000)
 ParOldGen       total 131072K, used 49623K [0x00000000c0000000, 0x00000000c8000000, 0x00000000eab00000)
  object space 131072K, 37% used [0x00000000c0000000,0x00000000c3075d48,0x00000000c8000000)
 Metaspace       used 63555K, capacity 65994K, committed 66304K, reserved 1105920K
  class space    used 8570K, capacity 9127K, committed 9216K, reserved 1048576K

Card table byte_map: [0x00000000116b0000,0x00000000118c0000] byte_map_base: 0x00000000110b0000

Marking Bits: (ParMarkBitMap*) 0x0000000054a40600
 Begin Bits: [0x0000000011e20000, 0x0000000012e20000)
 End Bits:   [0x0000000012e20000, 0x0000000013e20000)

Polling page: 0x0000000000510000

CodeCache: size=245760Kb used=33970Kb max_used=33970Kb free=211789Kb
 bounds [0x00000000022f0000, 0x0000000004450000, 0x00000000112f0000]
 total_blobs=10379 nmethods=9616 adapters=674
 compilation: enabled

Compilation events (10 events):
Event: 2017.486 Thread 0x00000000149c6800 11753       1       org.gradle.internal.resource.transport.ResourceConnectorRepositoryTransport::isLocal (2 bytes)
Event: 2017.486 Thread 0x00000000149c6800 nmethod 11753 0x0000000004444ad0 code [0x0000000004444c20, 0x0000000004444d30]
Event: 2017.486 Thread 0x00000000149c6800 11754       1       org.gradle.internal.resource.transport.ResourceConnectorRepositoryTransport::getResourceAccessor (5 bytes)
Event: 2017.486 Thread 0x00000000149c6800 nmethod 11754 0x0000000004444d90 code [0x0000000004444ee0, 0x0000000004444ff0]
Event: 2017.489 Thread 0x00000000149c6800 11755       3       org.apache.http.protocol.HttpProcessorBuilder::add (6 bytes)
Event: 2017.490 Thread 0x00000000149c6800 nmethod 11755 0x0000000004445050 code [0x0000000004445240, 0x0000000004445bf8]
Event: 2017.490 Thread 0x00000000149c6800 11756       3       org.apache.http.protocol.HttpProcessorBuilder::addLast (17 bytes)
Event: 2017.491 Thread 0x00000000149c6800 nmethod 11756 0x0000000004446390 code [0x0000000004446580, 0x0000000004446ed8]
Event: 2017.491 Thread 0x00000000149c6800 11757       3       org.apache.http.impl.cookie.BasicPathHandler::<init> (5 bytes)
Event: 2017.491 Thread 0x00000000149c6800 nmethod 11757 0x0000000004447550 code [0x00000000044476a0, 0x0000000004447850]

GC Heap History (10 events):
Event: 1637.631 GC heap before
{Heap before GC invocations=19 (full 5):
 PSYoungGen      total 206848K, used 62043K [0x00000000eab00000, 0x00000000fbb00000, 0x0000000100000000)
  eden space 183808K, 21% used [0x00000000eab00000,0x00000000ed187908,0x00000000f5e80000)
  from space 23040K, 98% used [0x00000000f5e80000,0x00000000f748f408,0x00000000f7500000)
  to   space 26624K, 0% used [0x00000000fa100000,0x00000000fa100000,0x00000000fbb00000)
 ParOldGen       total 131072K, used 31474K [0x00000000c0000000, 0x00000000c8000000, 0x00000000eab00000)
  object space 131072K, 24% used [0x00000000c0000000,0x00000000c1ebcb18,0x00000000c8000000)
 Metaspace       used 57502K, capacity 59182K, committed 59392K, reserved 1099776K
  class space    used 7743K, capacity 8133K, committed 8192K, reserved 1048576K
Event: 1637.639 GC heap after
Heap after GC invocations=19 (full 5):
 PSYoungGen      total 249856K, used 6190K [0x00000000eab00000, 0x00000000fb900000, 0x0000000100000000)
  eden space 225280K, 0% used [0x00000000eab00000,0x00000000eab00000,0x00000000f8700000)
  from space 24576K, 25% used [0x00000000fa100000,0x00000000fa70bb90,0x00000000fb900000)
  to   space 25600K, 0% used [0x00000000f8700000,0x00000000f8700000,0x00000000fa000000)
 ParOldGen       total 131072K, used 31482K [0x00000000c0000000, 0x00000000c8000000, 0x00000000eab00000)
  object space 131072K, 24% used [0x00000000c0000000,0x00000000c1ebeb18,0x00000000c8000000)
 Metaspace       used 57502K, capacity 59182K, committed 59392K, reserved 1099776K
  class space    used 7743K, capacity 8133K, committed 8192K, reserved 1048576K
}
Event: 1637.639 GC heap before
{Heap before GC invocations=20 (full 6):
 PSYoungGen      total 249856K, used 6190K [0x00000000eab00000, 0x00000000fb900000, 0x0000000100000000)
  eden space 225280K, 0% used [0x00000000eab00000,0x00000000eab00000,0x00000000f8700000)
  from space 24576K, 25% used [0x00000000fa100000,0x00000000fa70bb90,0x00000000fb900000)
  to   space 25600K, 0% used [0x00000000f8700000,0x00000000f8700000,0x00000000fa000000)
 ParOldGen       total 131072K, used 31482K [0x00000000c0000000, 0x00000000c8000000, 0x00000000eab00000)
  object space 131072K, 24% used [0x00000000c0000000,0x00000000c1ebeb18,0x00000000c8000000)
 Metaspace       used 57502K, capacity 59182K, committed 59392K, reserved 1099776K
  class space    used 7743K, capacity 8133K, committed 8192K, reserved 1048576K
Event: 1637.975 GC heap after
Heap after GC invocations=20 (full 6):
 PSYoungGen      total 249856K, used 0K [0x00000000eab00000, 0x00000000fb900000, 0x0000000100000000)
  eden space 225280K, 0% used [0x00000000eab00000,0x00000000eab00000,0x00000000f8700000)
  from space 24576K, 0% used [0x00000000fa100000,0x00000000fa100000,0x00000000fb900000)
  to   space 25600K, 0% used [0x00000000f8700000,0x00000000f8700000,0x00000000fa000000)
 ParOldGen       total 131072K, used 36352K [0x00000000c0000000, 0x00000000c8000000, 0x00000000eab00000)
  object space 131072K, 27% used [0x00000000c0000000,0x00000000c2380038,0x00000000c8000000)
 Metaspace       used 57416K, capacity 59010K, committed 59392K, reserved 1099776K
  class space    used 7731K, capacity 8093K, committed 8192K, reserved 1048576K
}
Event: 1856.259 GC heap before
{Heap before GC invocations=21 (full 6):
 PSYoungGen      total 249856K, used 225280K [0x00000000eab00000, 0x00000000fb900000, 0x0000000100000000)
  eden space 225280K, 100% used [0x00000000eab00000,0x00000000f8700000,0x00000000f8700000)
  from space 24576K, 0% used [0x00000000fa100000,0x00000000fa100000,0x00000000fb900000)
  to   space 25600K, 0% used [0x00000000f8700000,0x00000000f8700000,0x00000000fa000000)
 ParOldGen       total 131072K, used 36352K [0x00000000c0000000, 0x00000000c8000000, 0x00000000eab00000)
  object space 131072K, 27% used [0x00000000c0000000,0x00000000c2380038,0x00000000c8000000)
 Metaspace       used 62549K, capacity 64826K, committed 65152K, reserved 1105920K
  class space    used 8420K, capacity 8984K, committed 9088K, reserved 1048576K
Event: 1856.289 GC heap after
Heap after GC invocations=21 (full 6):
 PSYoungGen      total 250880K, used 20049K [0x00000000eab00000, 0x00000000fe600000, 0x0000000100000000)
  eden space 225280K, 0% used [0x00000000eab00000,0x00000000eab00000,0x00000000f8700000)
  from space 25600K, 78% used [0x00000000f8700000,0x00000000f9a94650,0x00000000fa000000)
  to   space 27648K, 0% used [0x00000000fcb00000,0x00000000fcb00000,0x00000000fe600000)
 ParOldGen       total 131072K, used 36360K [0x00000000c0000000, 0x00000000c8000000, 0x00000000eab00000)
  object space 131072K, 27% used [0x00000000c0000000,0x00000000c2382038,0x00000000c8000000)
 Metaspace       used 62549K, capacity 64826K, committed 65152K, reserved 1105920K
  class space    used 8420K, capacity 8984K, committed 9088K, reserved 1048576K
}
Event: 1856.945 GC heap before
{Heap before GC invocations=22 (full 6):
 PSYoungGen      total 250880K, used 45908K [0x00000000eab00000, 0x00000000fe600000, 0x0000000100000000)
  eden space 225280K, 11% used [0x00000000eab00000,0x00000000ec440cb0,0x00000000f8700000)
  from space 25600K, 78% used [0x00000000f8700000,0x00000000f9a94650,0x00000000fa000000)
  to   space 27648K, 0% used [0x00000000fcb00000,0x00000000fcb00000,0x00000000fe600000)
 ParOldGen       total 131072K, used 36360K [0x00000000c0000000, 0x00000000c8000000, 0x00000000eab00000)
  object space 131072K, 27% used [0x00000000c0000000,0x00000000c2382038,0x00000000c8000000)
 Metaspace       used 63423K, capacity 65850K, committed 66048K, reserved 1105920K
  class space    used 8567K, capacity 9179K, committed 9216K, reserved 1048576K
Event: 1856.960 GC heap after
Heap after GC invocations=22 (full 6):
 PSYoungGen      total 294400K, used 16579K [0x00000000eab00000, 0x00000000fe700000, 0x0000000100000000)
  eden space 266752K, 0% used [0x00000000eab00000,0x00000000eab00000,0x00000000faf80000)
  from space 27648K, 59% used [0x00000000fcb00000,0x00000000fdb30fb0,0x00000000fe600000)
  to   space 28160K, 0% used [0x00000000faf80000,0x00000000faf80000,0x00000000fcb00000)
 ParOldGen       total 131072K, used 36368K [0x00000000c0000000, 0x00000000c8000000, 0x00000000eab00000)
  object space 131072K, 27% used [0x00000000c0000000,0x00000000c2384038,0x00000000c8000000)
 Metaspace       used 63423K, capacity 65850K, committed 66048K, reserved 1105920K
  class space    used 8567K, capacity 9179K, committed 9216K, reserved 1048576K
}
Event: 1856.960 GC heap before
{Heap before GC invocations=23 (full 7):
 PSYoungGen      total 294400K, used 16579K [0x00000000eab00000, 0x00000000fe700000, 0x0000000100000000)
  eden space 266752K, 0% used [0x00000000eab00000,0x00000000eab00000,0x00000000faf80000)
  from space 27648K, 59% used [0x00000000fcb00000,0x00000000fdb30fb0,0x00000000fe600000)
  to   space 28160K, 0% used [0x00000000faf80000,0x00000000faf80000,0x00000000fcb00000)
 ParOldGen       total 131072K, used 36368K [0x00000000c0000000, 0x00000000c8000000, 0x00000000eab00000)
  object space 131072K, 27% used [0x00000000c0000000,0x00000000c2384038,0x00000000c8000000)
 Metaspace       used 63423K, capacity 65850K, committed 66048K, reserved 1105920K
  class space    used 8567K, capacity 9179K, committed 9216K, reserved 1048576K
Event: 1857.345 GC heap after
Heap after GC invocations=23 (full 7):
 PSYoungGen      total 294400K, used 0K [0x00000000eab00000, 0x00000000fe700000, 0x0000000100000000)
  eden space 266752K, 0% used [0x00000000eab00000,0x00000000eab00000,0x00000000faf80000)
  from space 27648K, 0% used [0x00000000fcb00000,0x00000000fcb00000,0x00000000fe600000)
  to   space 28160K, 0% used [0x00000000faf80000,0x00000000faf80000,0x00000000fcb00000)
 ParOldGen       total 131072K, used 49623K [0x00000000c0000000, 0x00000000c8000000, 0x00000000eab00000)
  object space 131072K, 37% used [0x00000000c0000000,0x00000000c3075d48,0x00000000c8000000)
 Metaspace       used 63351K, capacity 65610K, committed 66048K, reserved 1105920K
  class space    used 8548K, capacity 9099K, committed 9216K, reserved 1048576K
}

Deoptimization events (10 events):
Event: 1852.841 Thread 0x0000000016a2f800 Uncommon trap: reason=class_check action=maybe_recompile pc=0x0000000003cdc4b4 method=org.gradle.internal.component.model.DefaultIvyArtifactName.hashCode()I @ 38
Event: 1852.841 Thread 0x0000000016a2f800 Uncommon trap: reason=class_check action=maybe_recompile pc=0x0000000003cdc4b4 method=org.gradle.internal.component.model.DefaultIvyArtifactName.hashCode()I @ 38
Event: 1852.842 Thread 0x0000000016a2f800 Uncommon trap: reason=class_check action=maybe_recompile pc=0x0000000003ccc108 method=org.gradle.internal.component.model.DefaultIvyArtifactName.hashCode()I @ 38
Event: 1856.082 Thread 0x0000000016a2f800 Uncommon trap: reason=unstable_if action=reinterpret pc=0x00000000042b1694 method=java.beans.PropertyDescriptor.findPropertyType(Ljava/lang/reflect/Method;Ljava/lang/reflect/Method;)Ljava/lang/Class; @ 160
Event: 1856.872 Thread 0x0000000016a2f800 Uncommon trap: reason=bimorphic action=maybe_recompile pc=0x000000000256dc40 method=org.codehaus.groovy.runtime.metaclass.MetaMethodIndex.addMethodToList(Ljava/lang/Object;Lgroovy/lang/MetaMethod;)Ljava/lang/Object; @ 97
Event: 1856.872 Thread 0x0000000016a2f800 Uncommon trap: reason=bimorphic action=maybe_recompile pc=0x000000000256dc40 method=org.codehaus.groovy.runtime.metaclass.MetaMethodIndex.addMethodToList(Ljava/lang/Object;Lgroovy/lang/MetaMethod;)Ljava/lang/Object; @ 97
Event: 1856.872 Thread 0x0000000016a2f800 Uncommon trap: reason=bimorphic action=maybe_recompile pc=0x000000000256dc40 method=org.codehaus.groovy.runtime.metaclass.MetaMethodIndex.addMethodToList(Ljava/lang/Object;Lgroovy/lang/MetaMethod;)Ljava/lang/Object; @ 97
Event: 1856.884 Thread 0x0000000016a2f800 Uncommon trap: reason=unstable_if action=reinterpret pc=0x000000000241a414 method=java.lang.reflect.Proxy.isProxyClass(Ljava/lang/Class;)Z @ 6
Event: 1856.904 Thread 0x0000000016a2f800 Uncommon trap: reason=class_check action=maybe_recompile pc=0x0000000002972ecc method=com.google.common.cache.LocalCache$Segment.getEntry(Ljava/lang/Object;I)Lcom/google/common/cache/LocalCache$ReferenceEntry; @ 62
Event: 1856.905 Thread 0x0000000016a2f800 Uncommon trap: reason=class_check action=maybe_recompile pc=0x0000000002972ecc method=com.google.common.cache.LocalCache$Segment.getEntry(Ljava/lang/Object;I)Lcom/google/common/cache/LocalCache$ReferenceEntry; @ 62

Internal exceptions (10 events):
Event: 1857.362 Thread 0x0000000016a2e000 Exception <a 'java/lang/NoSuchMethodError': <clinit>> (0x00000000eab4fcc8) thrown at [D:\re\workspace\8-2-build-windows-amd64-cygwin\jdk8u77\6540\hotspot\src\share\vm\prims\jni.cpp, line 1591]
Event: 1857.362 Thread 0x0000000016a2e000 Exception <a 'java/lang/NoSuchMethodError': <clinit>> (0x00000000eab5bec0) thrown at [D:\re\workspace\8-2-build-windows-amd64-cygwin\jdk8u77\6540\hotspot\src\share\vm\prims\jni.cpp, line 1591]
Event: 2016.371 Thread 0x000000001c4ae800 Exception <a 'java/lang/ClassNotFoundException': asLocalRepo5_exg2qvby0hz3kpv08rgnpic9cBeanInfo> (0x00000000eb10bf38) thrown at [D:\re\workspace\8-2-build-windows-amd64-cygwin\jdk8u77\6540\hotspot\src\share\vm\classfile\systemDictionary.cpp, line 210]
Event: 2016.372 Thread 0x000000001c4ae800 Exception <a 'java/lang/ClassNotFoundException': asLocalRepo5_exg2qvby0hz3kpv08rgnpic9cCustomizer> (0x00000000eb115368) thrown at [D:\re\workspace\8-2-build-windows-amd64-cygwin\jdk8u77\6540\hotspot\src\share\vm\classfile\systemDictionary.cpp, line 210]
Event: 2016.452 Thread 0x000000001c4ae800 Exception <a 'java/lang/ClassNotFoundException': ijinit1_af73savzf0b1da8zbdyhnpaw5BeanInfo> (0x00000000eb289528) thrown at [D:\re\workspace\8-2-build-windows-amd64-cygwin\jdk8u77\6540\hotspot\src\share\vm\classfile\systemDictionary.cpp, line 210]
Event: 2016.452 Thread 0x000000001c4ae800 Exception <a 'java/lang/ClassNotFoundException': ijinit1_af73savzf0b1da8zbdyhnpaw5Customizer> (0x00000000eb292348) thrown at [D:\re\workspace\8-2-build-windows-amd64-cygwin\jdk8u77\6540\hotspot\src\share\vm\classfile\systemDictionary.cpp, line 210]
Event: 2016.623 Thread 0x000000001c4ae800 Exception <a 'java/lang/ClassNotFoundException': JetGradlePluginBeanInfo> (0x00000000eb3f34c8) thrown at [D:\re\workspace\8-2-build-windows-amd64-cygwin\jdk8u77\6540\hotspot\src\share\vm\classfile\systemDictionary.cpp, line 210]
Event: 2016.623 Thread 0x000000001c4ae800 Exception <a 'java/lang/ClassNotFoundException': JetGradlePluginCustomizer> (0x00000000eb3fa378) thrown at [D:\re\workspace\8-2-build-windows-amd64-cygwin\jdk8u77\6540\hotspot\src\share\vm\classfile\systemDictionary.cpp, line 210]
Event: 2016.630 Thread 0x000000001c4ae800 Exception <a 'java/lang/ClassNotFoundException': org/jetbrains/plugins/gradle/tooling/internal/ExtraModelBuilderBeanInfo> (0x00000000eb430d48) thrown at [D:\re\workspace\8-2-build-windows-amd64-cygwin\jdk8u77\6540\hotspot\src\share\vm\classfile\systemDicti@
Event: 2016.630 Thread 0x000000001c4ae800 Exception <a 'java/lang/ClassNotFoundException': org/jetbrains/plugins/gradle/tooling/internal/ExtraModelBuilderCustomizer> (0x00000000eb43d8f8) thrown at [D:\re\workspace\8-2-build-windows-amd64-cygwin\jdk8u77\6540\hotspot\src\share\vm\classfile\systemDicDr@

Events (10 events):
Event: 2017.188 Executing VM operation: RevokeBias
Event: 2017.188 Executing VM operation: RevokeBias done
Event: 2017.190 Executing VM operation: RevokeBias
Event: 2017.191 Executing VM operation: RevokeBias done
Event: 2017.198 Thread 0x00000000149c6800 flushing nmethod 0x0000000002724210
Event: 2017.202 Thread 0x00000000149c6800 flushing nmethod 0x0000000002a41ed0
Event: 2017.202 Thread 0x00000000149c6800 flushing nmethod 0x0000000002a58250
Event: 2017.209 Thread 0x00000000149c6800 flushing nmethod 0x0000000003371d90
Event: 2017.210 Thread 0x00000000149c6800 flushing nmethod 0x00000000034ab5d0
Event: 2017.220 Thread 0x00000000149c6800 flushing nmethod 0x0000000004273d50


Dynamic libraries:
0x00007ff67d420000 - 0x00007ff67d457000 	C:\Program Files\Java\jdk1.8.0_77\bin\java.exe
0x00007fff0c4d0000 - 0x00007fff0c691000 	C:\Windows\SYSTEM32\ntdll.dll
0x00007fff0b700000 - 0x00007fff0b7ad000 	C:\Windows\system32\KERNEL32.DLL
0x00007fff08b80000 - 0x00007fff08d68000 	C:\Windows\system32\KERNELBASE.dll
0x00007fff0b2b0000 - 0x00007fff0b357000 	C:\Windows\system32\ADVAPI32.dll
0x00007fff0b370000 - 0x00007fff0b40d000 	C:\Windows\system32\msvcrt.dll
0x00007fff0bc50000 - 0x00007fff0bcab000 	C:\Windows\system32\sechost.dll
0x00007fff0b5e0000 - 0x00007fff0b6fc000 	C:\Windows\system32\RPCRT4.dll
0x00007fff0b140000 - 0x00007fff0b296000 	C:\Windows\system32\USER32.dll
0x00007fff0b870000 - 0x00007fff0b9f6000 	C:\Windows\system32\GDI32.dll
0x00007ffeff8a0000 - 0x00007ffeffb14000 	C:\Windows\WinSxS\amd64_microsoft.windows.common-controls_6595b64144ccf1df_6.0.10586.0_none_8c15ae12515e1c22\COMCTL32.dll
0x00007fff0ae30000 - 0x00007fff0b0ad000 	C:\Windows\system32\combase.dll
0x00007fff08eb0000 - 0x00007fff08f1a000 	C:\Windows\system32\bcryptPrimitives.dll
0x00007fff0bb60000 - 0x00007fff0bb9b000 	C:\Windows\system32\IMM32.DLL
0x0000000053cd0000 - 0x0000000053da2000 	C:\Program Files\Java\jdk1.8.0_77\jre\bin\msvcr100.dll
0x0000000054230000 - 0x0000000054ac0000 	C:\Program Files\Java\jdk1.8.0_77\jre\bin\server\jvm.dll
0x00007fff0b360000 - 0x00007fff0b368000 	C:\Windows\system32\PSAPI.DLL
0x00007fff059e0000 - 0x00007fff059e9000 	C:\Windows\SYSTEM32\WSOCK32.dll
0x00007fff06d80000 - 0x00007fff06da3000 	C:\Windows\SYSTEM32\WINMM.dll
0x00007fff07960000 - 0x00007fff0796a000 	C:\Windows\SYSTEM32\VERSION.dll
0x00007fff0b0d0000 - 0x00007fff0b13b000 	C:\Windows\system32\WS2_32.dll
0x00007fff06d50000 - 0x00007fff06d7c000 	C:\Windows\SYSTEM32\WINMMBASE.dll
0x00007fff097a0000 - 0x00007fff097e3000 	C:\Windows\system32\cfgmgr32.dll
0x0000000054140000 - 0x000000005414f000 	C:\Program Files\Java\jdk1.8.0_77\jre\bin\verify.dll
0x0000000054110000 - 0x0000000054139000 	C:\Program Files\Java\jdk1.8.0_77\jre\bin\java.dll
0x00000000540f0000 - 0x0000000054106000 	C:\Program Files\Java\jdk1.8.0_77\jre\bin\zip.dll
0x00007fff098d0000 - 0x00007fff0ae2f000 	C:\Windows\system32\SHELL32.dll
0x00007fff08f20000 - 0x00007fff09564000 	C:\Windows\system32\windows.storage.dll
0x00007fff0b810000 - 0x00007fff0b862000 	C:\Windows\system32\shlwapi.dll
0x00007fff08b40000 - 0x00007fff08b4f000 	C:\Windows\system32\kernel.appcore.dll
0x00007fff09810000 - 0x00007fff098c5000 	C:\Windows\system32\shcore.dll
0x00007fff08af0000 - 0x00007fff08b3b000 	C:\Windows\system32\powrprof.dll
0x00007fff08b60000 - 0x00007fff08b74000 	C:\Windows\system32\profapi.dll
0x00000000540d0000 - 0x00000000540ea000 	C:\Program Files\Java\jdk1.8.0_77\jre\bin\net.dll
0x0000000180000000 - 0x000000018008c000 	C:\Windows\system32\ASProxy64.dll
0x00007fff0b490000 - 0x00007fff0b5d3000 	C:\Windows\system32\ole32.dll
0x00007fff08420000 - 0x00007fff0847c000 	C:\Windows\SYSTEM32\MSWSOCK.dll
0x00007fff07970000 - 0x00007fff079a8000 	C:\Windows\SYSTEM32\IPHLPAPI.DLL
0x00007fff0bcb0000 - 0x00007fff0bd71000 	C:\Windows\system32\OLEAUT32.dll
0x00007fff087d0000 - 0x00007fff087fd000 	C:\Windows\SYSTEM32\SspiCli.dll
0x00007fff073f0000 - 0x00007fff07486000 	C:\Windows\system32\uxtheme.dll
0x00007fff0bba0000 - 0x00007fff0bc47000 	C:\Windows\system32\clbcatq.dll
0x00007fff08980000 - 0x00007fff08a19000 	C:\Windows\SYSTEM32\sxs.dll
0x00000000540b0000 - 0x00000000540c1000 	C:\Program Files\Java\jdk1.8.0_77\jre\bin\nio.dll
0x00007ffef42c0000 - 0x00007ffef42d2000 	C:\Users\beau-\.gradle\native\19\windows-amd64\native-platform.dll
0x00007fff0b410000 - 0x00007fff0b418000 	C:\Windows\system32\NSI.dll
0x00007fff03080000 - 0x00007fff03096000 	C:\Windows\SYSTEM32\dhcpcsvc6.DLL
0x00007fff03430000 - 0x00007fff0344a000 	C:\Windows\SYSTEM32\dhcpcsvc.DLL
0x00007fff084d0000 - 0x00007fff084e7000 	C:\Windows\SYSTEM32\CRYPTSP.dll
0x00007fff08160000 - 0x00007fff08194000 	C:\Windows\system32\rsaenh.dll
0x00007fff08a20000 - 0x00007fff08a49000 	C:\Windows\SYSTEM32\bcrypt.dll
0x00007fff082b0000 - 0x00007fff082cf000 	C:\Windows\SYSTEM32\USERENV.dll
0x00007fff085f0000 - 0x00007fff085fb000 	C:\Windows\SYSTEM32\CRYPTBASE.dll
0x0000000053eb0000 - 0x0000000053ebd000 	C:\Program Files\Java\jdk1.8.0_77\jre\bin\management.dll
0x0000000053de0000 - 0x0000000053e04000 	C:\Program Files\Java\jdk1.8.0_77\jre\bin\sunec.dll
0x0000000053cc0000 - 0x0000000053ccb000 	C:\Program Files\Java\jdk1.8.0_77\jre\bin\sunmscapi.dll
0x00007fff095d0000 - 0x00007fff09797000 	C:\Windows\system32\CRYPT32.dll
0x00007fff08b50000 - 0x00007fff08b60000 	C:\Windows\system32\MSASN1.dll
0x00007fff074e0000 - 0x00007fff0758a000 	C:\Windows\SYSTEM32\DNSAPI.dll
0x00007fff01d30000 - 0x00007fff01d3a000 	C:\Windows\System32\rasadhlp.dll
0x00007fff03170000 - 0x00007fff031d7000 	C:\Windows\System32\fwpuclnt.dll
0x00007ffeedf80000 - 0x00007ffeee10c000 	C:\Windows\SYSTEM32\dbghelp.dll

VM Arguments:
jvm_args: -XX:MaxPermSize=256m -XX:+HeapDumpOnOutOfMemoryError -Xmx1024m -Dfile.encoding=windows-1252 -Duser.country=FR -Duser.language=fr -Duser.variant 
java_command: org.gradle.launcher.daemon.bootstrap.GradleDaemon 2.12
java_class_path (initial): C:\Users\beau-\.gradle\wrapper\dists\gradle-2.12-all\8ywkdai6puj5z81fume4e7njw\gradle-2.12\lib\gradle-launcher-2.12.jar
Launcher Type: SUN_STANDARD

Environment Variables:
JAVA_HOME=C:\Program Files\Java\jdk1.8.0_77\
PATH=C:\Program Files\Java\jdk1.8.0_77\bin;C:\windows\system32;C:\Windows;C:\Windows\System32\Wbem;C:\Windows\System32\WindowsPowerShell\v1.0\;C:\Program Files\Git\cmd;C:\Program Files (x86)\Skype\Phone\;C:\Program Files\TortoiseSVN\bin;C:\Program Files (x86)\GtkSharp\2.12\bin;C:\Program Files (x86)\eclipse\Android\android-sdk\tools;C:\Program Files (x86)\eclipse\Android\android-sdk\platform-tools
USERNAME=beau-
OS=Windows_NT
PROCESSOR_IDENTIFIER=Intel64 Family 6 Model 42 Stepping 7, GenuineIntel



---------------  S Y S T E M  ---------------

OS: Windows 10.0 , 64 bit Build 10586 (10.0.10586.0)

CPU:total 4 (2 cores per cpu, 2 threads per core) family 6 model 42 stepping 7, cmov, cx8, fxsr, mmx, sse, sse2, sse3, ssse3, sse4.1, sse4.2, popcnt, avx, aes, clmul, ht, tsc, tscinvbit

Memory: 4k page, physical 12529036k(6627288k free), swap 14429580k(7264000k free)

vm_info: Java HotSpot(TM) 64-Bit Server VM (25.77-b03) for windows-amd64 JRE (1.8.0_77-b03), built on Mar 20 2016 22:01:33 by "java_re" with MS VC++ 10.0 (VS2010)

time: Tue May 03 23:50:20 2016
elapsed time: 2017 seconds (0d 0h 33m 37s)

