#
# A fatal error has been detected by the Java Runtime Environment:
#
#  EXCEPTION_ACCESS_VIOLATION (0xc0000005) at pc=0x0000000180035c55, pid=11884, tid=13288
#
# JRE version: Java(TM) SE Runtime Environment (8.0_77-b03) (build 1.8.0_77-b03)
# Java VM: Java HotSpot(TM) 64-Bit Server VM (25.77-b03 mixed mode windows-amd64 compressed oops)
# Problematic frame:
# C  [ASProxy64.dll+0x35c55]
#
# Failed to write core dump. Minidumps are not enabled by default on client versions of Windows
#
# If you would like to submit a bug report, please visit:
#   http://bugreport.java.com/bugreport/crash.jsp
# The crash happened outside the Java Virtual Machine in native code.
# See problematic frame for where to report the bug.
#

---------------  T H R E A D  ---------------

Current thread (0x000000001e1ea000):  JavaThread "Daemon worker Thread 3" [_thread_in_native, id=13288, stack(0x0000000020b10000,0x0000000020c10000)]

siginfo: ExceptionCode=0xc0000005, writing address 0xffffffffffffff99

Registers:
RAX=0x0000000000000000, RBX=0x00000000005f7420, RCX=0x00000000005f7420, RDX=0x00000000171e6d60
RSP=0x0000000020c0c180, RBP=0x0000000000000000, RSI=0x0000000000000000, RDI=0x0000000018c0aa30
R8 =0x0000000180080358, R9 =0x0000000180069ffa, R10=0x0000000000000000, R11=0x0000000020c0c128
R12=0x0000000000000001, R13=0x000000001cad4af0, R14=0x0000000020c0c338, R15=0x0000000000000001
RIP=0x0000000180035c55, EFLAGS=0x0000000000010246

Top of Stack: (sp=0x0000000020c0c180)
0x0000000020c0c180:   ff0000000018c0aa 000000018006a080
0x0000000020c0c190:   0000000180069ffb 0000000018c0aa30
0x0000000020c0c1a0:   000000001e1ea1f8 0000000180036e57
0x0000000020c0c1b0:   0000000180080290 00000000005f7420
0x0000000020c0c1c0:   0000000180069ffa 000000005c8a8d94
0x0000000020c0c1d0:   000000001e1ea1f8 0000000018c0aa30
0x0000000020c0c1e0:   0000000018d38710 0000000018d38710
0x0000000020c0c1f0:   000000001e1ea1f8 000000005cef3fb2
0x0000000020c0c200:   00000000005f7420 000000001e1ea1f8
0x0000000020c0c210:   0000000018d38710 0000000018d38710
0x0000000020c0c220:   0000000000000001 00000000005f7420
0x0000000020c0c230:   0000000018d38710 0000000000000002
0x0000000020c0c240:   0000000000000000 0000000000000000
0x0000000020c0c250:   0000000000000000 0000000000000000
0x0000000020c0c260:   0000000000000000 0000000000000000
0x0000000020c0c270:   000000001e1ea000 0000000020c0c340 

Instructions: (pc=0x0000000180035c55)
0x0000000180035c35:   ff 25 00 00 00 00 5b 40 99 4f fb 7f 00 00 53 48
0x0000000180035c45:   83 ec 20 48 8b d9 48 89 7c 24 ff 25 00 00 00 00
0x0000000180035c55:   11 40 99 4f fb 7f 00 00 01 89 04 24 8b 44 24 04
0x0000000180035c65:   0f af 04 24 83 c0 02 89 04 24 8b 44 24 04 0f af 


Register to memory mapping:

RAX=0x0000000000000000 is an unknown value
RBX=0x00000000005f7420 is an unknown value
RCX=0x00000000005f7420 is an unknown value
RDX=0x00000000171e6d60 is an unknown value
RSP=0x0000000020c0c180 is pointing into the stack for thread: 0x000000001e1ea000
RBP=0x0000000000000000 is an unknown value
RSI=0x0000000000000000 is an unknown value
RDI=0x0000000018c0aa30 is an unknown value
R8 =0x0000000180080358 is an unknown value
R9 =0x0000000180069ffa is an unknown value
R10=0x0000000000000000 is an unknown value
R11=0x0000000020c0c128 is pointing into the stack for thread: 0x000000001e1ea000
R12=0x0000000000000001 is an unknown value
R13=0x000000001cad4af0 is an unknown value
R14=0x0000000020c0c338 is pointing into the stack for thread: 0x000000001e1ea000
R15=0x0000000000000001 is an unknown value


Stack: [0x0000000020b10000,0x0000000020c10000],  sp=0x0000000020c0c180,  free space=1008k
Native frames: (J=compiled Java code, j=interpreted, Vv=VM code, C=native code)

Java frames: (J=compiled Java code, j=interpreted, Vv=VM code)
j  java.net.Inet6AddressImpl.lookupAllHostAddr(Ljava/lang/String;)[Ljava/net/InetAddress;+0
j  java.net.InetAddress$2.lookupAllHostAddr(Ljava/lang/String;)[Ljava/net/InetAddress;+4
j  java.net.InetAddress.getAddressesFromNameService(Ljava/lang/String;Ljava/net/InetAddress;)[Ljava/net/InetAddress;+51
j  java.net.InetAddress.getAllByName0(Ljava/lang/String;Ljava/net/InetAddress;Z)[Ljava/net/InetAddress;+29
j  java.net.InetAddress.getAllByName(Ljava/lang/String;Ljava/net/InetAddress;)[Ljava/net/InetAddress;+383
j  java.net.InetAddress.getAllByName(Ljava/lang/String;)[Ljava/net/InetAddress;+2
j  org.apache.http.impl.conn.SystemDefaultDnsResolver.resolve(Ljava/lang/String;)[Ljava/net/InetAddress;+1
j  org.apache.http.impl.conn.DefaultHttpClientConnectionOperator.connect(Lorg/apache/http/conn/ManagedHttpClientConnection;Lorg/apache/http/HttpHost;Ljava/net/InetSocketAddress;ILorg/apache/http/config/SocketConfig;Lorg/apache/http/protocol/HttpContext;)V+88
j  org.apache.http.impl.conn.PoolingHttpClientConnectionManager.connect(Lorg/apache/http/HttpClientConnection;Lorg/apache/http/conn/routing/HttpRoute;ILorg/apache/http/protocol/HttpContext;)V+127
j  org.apache.http.impl.execchain.MainClientExec.establishRoute(Lorg/apache/http/auth/AuthState;Lorg/apache/http/HttpClientConnection;Lorg/apache/http/conn/routing/HttpRoute;Lorg/apache/http/HttpRequest;Lorg/apache/http/client/protocol/HttpClientContext;)V+107
j  org.apache.http.impl.execchain.MainClientExec.execute(Lorg/apache/http/conn/routing/HttpRoute;Lorg/apache/http/client/methods/HttpRequestWrapper;Lorg/apache/http/client/protocol/HttpClientContext;Lorg/apache/http/client/methods/HttpExecutionAware;)Lorg/apache/http/client/methods/CloseableHttpResponse;+438
j  org.apache.http.impl.execchain.ProtocolExec.execute(Lorg/apache/http/conn/routing/HttpRoute;Lorg/apache/http/client/methods/HttpRequestWrapper;Lorg/apache/http/client/protocol/HttpClientContext;Lorg/apache/http/client/methods/HttpExecutionAware;)Lorg/apache/http/client/methods/CloseableHttpResponse;+447
j  org.apache.http.impl.execchain.RetryExec.execute(Lorg/apache/http/conn/routing/HttpRoute;Lorg/apache/http/client/methods/HttpRequestWrapper;Lorg/apache/http/client/protocol/HttpClientContext;Lorg/apache/http/client/methods/HttpExecutionAware;)Lorg/apache/http/client/methods/CloseableHttpResponse;+39
j  org.apache.http.impl.execchain.RedirectExec.execute(Lorg/apache/http/conn/routing/HttpRoute;Lorg/apache/http/client/methods/HttpRequestWrapper;Lorg/apache/http/client/protocol/HttpClientContext;Lorg/apache/http/client/methods/HttpExecutionAware;)Lorg/apache/http/client/methods/CloseableHttpResponse;+85
j  org.apache.http.impl.client.InternalHttpClient.doExecute(Lorg/apache/http/HttpHost;Lorg/apache/http/HttpRequest;Lorg/apache/http/protocol/HttpContext;)Lorg/apache/http/client/methods/CloseableHttpResponse;+168
j  org.apache.http.impl.client.CloseableHttpClient.execute(Lorg/apache/http/client/methods/HttpUriRequest;Lorg/apache/http/protocol/HttpContext;)Lorg/apache/http/client/methods/CloseableHttpResponse;+14
j  org.gradle.internal.resource.transport.http.HttpClientHelper.performHttpRequest(Lorg/apache/http/client/methods/HttpRequestBase;)Lorg/apache/http/HttpResponse;+37
j  org.gradle.internal.resource.transport.http.HttpClientHelper.executeGetOrHead(Lorg/apache/http/client/methods/HttpRequestBase;)Lorg/apache/http/HttpResponse;+2
j  org.gradle.internal.resource.transport.http.HttpClientHelper.performRequest(Lorg/apache/http/client/methods/HttpRequestBase;)Lorg/apache/http/HttpResponse;+7
j  org.gradle.internal.resource.transport.http.HttpClientHelper.performRawHead(Ljava/lang/String;)Lorg/apache/http/HttpResponse;+9
j  org.gradle.internal.resource.transport.http.HttpClientHelper.performHead(Ljava/lang/String;)Lorg/apache/http/HttpResponse;+6
j  org.gradle.internal.resource.transport.http.HttpResourceAccessor.getMetaData(Ljava/net/URI;)Lorg/gradle/internal/resource/metadata/ExternalResourceMetaData;+25
j  org.gradle.internal.resource.transfer.DefaultExternalResourceConnector.getMetaData(Ljava/net/URI;)Lorg/gradle/internal/resource/metadata/ExternalResourceMetaData;+5
j  org.gradle.internal.resource.transport.DefaultExternalResourceRepository.getResourceMetaData(Ljava/net/URI;)Lorg/gradle/internal/resource/metadata/ExternalResourceMetaData;+5
j  org.gradle.api.internal.artifacts.repositories.resolver.DefaultExternalResourceArtifactResolver.staticResourceExists(Ljava/util/List;Lorg/gradle/internal/component/external/model/ModuleComponentArtifactMetaData;Lorg/gradle/internal/resolve/result/ResourceAwareResolveResult;)Z+69
j  org.gradle.api.internal.artifacts.repositories.resolver.DefaultExternalResourceArtifactResolver.artifactExists(Lorg/gradle/internal/component/external/model/ModuleComponentArtifactMetaData;Lorg/gradle/internal/resolve/result/ResourceAwareResolveResult;)Z+7
j  org.gradle.api.internal.artifacts.repositories.resolver.ExternalResourceResolver.findOptionalArtifacts(Lorg/gradle/internal/component/external/model/ModuleComponentResolveMetaData;Ljava/lang/String;Ljava/lang/String;)Ljava/util/Set;+31
j  org.gradle.api.internal.artifacts.repositories.resolver.MavenResolver$MavenRemoteRepositoryAccess.resolveSourceArtifacts(Lorg/gradle/internal/component/external/model/ModuleComponentResolveMetaData;Lorg/gradle/internal/resolve/result/BuildableArtifactSetResolveResult;)V+10
J 7221 C1 org.gradle.api.internal.artifacts.repositories.resolver.ExternalResourceResolver$AbstractRepositoryAccess.resolveModuleArtifacts(Lorg/gradle/internal/component/model/ComponentResolveMetaData;Lorg/gradle/api/internal/component/ArtifactType;Lorg/gradle/internal/resolve/result/BuildableArtifactSetResolveResult;)V (59 bytes) @ 0x00000000038e221c [0x00000000038e1dc0+0x45c]
j  org.gradle.api.internal.artifacts.repositories.resolver.ExternalResourceResolver$RemoteRepositoryAccess.resolveModuleArtifacts(Lorg/gradle/internal/component/model/ComponentResolveMetaData;Lorg/gradle/api/internal/component/ArtifactType;Lorg/gradle/internal/resolve/result/BuildableArtifactSetResolveResult;)V+4
j  org.gradle.api.internal.artifacts.ivyservice.ivyresolve.CacheLockReleasingModuleComponentsRepository$LockReleasingRepositoryAccess$3.run()V+19
J 4676 C1 org.gradle.internal.Factories$1.create()Ljava/lang/Object; (11 bytes) @ 0x000000000332e804 [0x000000000332e700+0x104]
j  org.gradle.cache.internal.DefaultCacheAccess.longRunningOperation(Ljava/lang/String;Lorg/gradle/internal/Factory;)Ljava/lang/Object;+7
j  org.gradle.cache.internal.DefaultCacheAccess.longRunningOperation(Ljava/lang/String;Ljava/lang/Runnable;)V+6
j  org.gradle.cache.internal.DefaultPersistentDirectoryStore.longRunningOperation(Ljava/lang/String;Ljava/lang/Runnable;)V+6
j  org.gradle.cache.internal.DefaultCacheFactory$ReferenceTrackingCache.longRunningOperation(Ljava/lang/String;Ljava/lang/Runnable;)V+9
j  org.gradle.api.internal.artifacts.ivyservice.DefaultCacheLockingManager.longRunningOperation(Ljava/lang/String;Ljava/lang/Runnable;)V+6
j  org.gradle.api.internal.artifacts.ivyservice.ivyresolve.CacheLockReleasingModuleComponentsRepository$LockReleasingRepositoryAccess.resolveModuleArtifacts(Lorg/gradle/internal/component/model/ComponentResolveMetaData;Lorg/gradle/api/internal/component/ArtifactType;Lorg/gradle/internal/resolve/result/BuildableArtifactSetResolveResult;)V+39
j  org.gradle.api.internal.artifacts.ivyservice.ivyresolve.CachingModuleComponentRepository$ResolveAndCacheRepositoryAccess.resolveModuleArtifacts(Lorg/gradle/internal/component/model/ComponentResolveMetaData;Lorg/gradle/api/internal/component/ArtifactType;Lorg/gradle/internal/resolve/result/BuildableArtifactSetResolveResult;)V+36
j  org.gradle.api.internal.artifacts.ivyservice.ivyresolve.BaseModuleComponentRepositoryAccess.resolveModuleArtifacts(Lorg/gradle/internal/component/model/ComponentResolveMetaData;Lorg/gradle/api/internal/component/ArtifactType;Lorg/gradle/internal/resolve/result/BuildableArtifactSetResolveResult;)V+7
J 7560 C1 org.gradle.api.internal.artifacts.ivyservice.ivyresolve.ErrorHandlingModuleComponentRepository$ErrorHandlingModuleComponentRepositoryAccess.resolveModuleArtifacts(Lorg/gradle/internal/component/model/ComponentResolveMetaData;Lorg/gradle/api/internal/component/ArtifactType;Lorg/gradle/internal/resolve/result/BuildableArtifactSetResolveResult;)V (39 bytes) @ 0x0000000003a7de1c [0x0000000003a7dd00+0x11c]
J 7559 C1 org.gradle.api.internal.artifacts.ivyservice.ivyresolve.RepositoryChainArtifactResolver.resolveModuleArtifacts(Lorg/gradle/internal/component/model/ComponentResolveMetaData;Lorg/gradle/api/internal/component/ArtifactType;Lorg/gradle/internal/resolve/result/BuildableArtifactSetResolveResult;)V (61 bytes) @ 0x0000000003a7f074 [0x0000000003a7e6a0+0x9d4]
j  org.gradle.api.internal.artifacts.ivyservice.ivyresolve.ErrorHandlingArtifactResolver.resolveModuleArtifacts(Lorg/gradle/internal/component/model/ComponentResolveMetaData;Lorg/gradle/api/internal/component/ArtifactType;Lorg/gradle/internal/resolve/result/BuildableArtifactSetResolveResult;)V+7
j  org.gradle.api.internal.artifacts.query.DefaultArtifactResolutionQuery.addArtifacts(Lorg/gradle/api/internal/artifacts/result/DefaultComponentArtifactsResult;Ljava/lang/Class;Lorg/gradle/internal/component/model/ComponentResolveMetaData;Lorg/gradle/internal/resolve/resolver/ArtifactResolver;)V+19
j  org.gradle.api.internal.artifacts.query.DefaultArtifactResolutionQuery.buildComponentResult(Lorg/gradle/api/artifacts/component/ComponentIdentifier;Lorg/gradle/internal/resolve/resolver/ComponentMetaDataResolver;Lorg/gradle/internal/resolve/resolver/ArtifactResolver;)Lorg/gradle/api/artifacts/result/ComponentArtifactsResult;+91
j  org.gradle.api.internal.artifacts.query.DefaultArtifactResolutionQuery.access$100(Lorg/gradle/api/internal/artifacts/query/DefaultArtifactResolutionQuery;Lorg/gradle/api/artifacts/component/ComponentIdentifier;Lorg/gradle/internal/resolve/resolver/ComponentMetaDataResolver;Lorg/gradle/internal/resolve/resolver/ArtifactResolver;)Lorg/gradle/api/artifacts/result/ComponentArtifactsResult;+4
j  org.gradle.api.internal.artifacts.query.DefaultArtifactResolutionQuery$1.create()Lorg/gradle/api/artifacts/result/ArtifactResolutionResult;+58
j  org.gradle.api.internal.artifacts.query.DefaultArtifactResolutionQuery$1.create()Ljava/lang/Object;+1
J 4669 C1 org.gradle.cache.internal.DefaultCacheAccess.useCache(Ljava/lang/String;Lorg/gradle/internal/Factory;)Ljava/lang/Object; (215 bytes) @ 0x000000000332cd5c [0x000000000332c9a0+0x3bc]
j  org.gradle.cache.internal.DefaultPersistentDirectoryStore.useCache(Ljava/lang/String;Lorg/gradle/internal/Factory;)Ljava/lang/Object;+6
j  org.gradle.cache.internal.DefaultCacheFactory$ReferenceTrackingCache.useCache(Ljava/lang/String;Lorg/gradle/internal/Factory;)Ljava/lang/Object;+9
j  org.gradle.api.internal.artifacts.ivyservice.DefaultCacheLockingManager.useCache(Ljava/lang/String;Lorg/gradle/internal/Factory;)Ljava/lang/Object;+6
j  org.gradle.api.internal.artifacts.query.DefaultArtifactResolutionQuery.execute()Lorg/gradle/api/artifacts/result/ArtifactResolutionResult;+110
j  org.gradle.plugins.ide.internal.IdeDependenciesExtractor.downloadAuxiliaryArtifacts(Lorg/gradle/api/artifacts/dsl/DependencyHandler;Lcom/google/common/collect/Multimap;Ljava/util/List;)V+61
j  org.gradle.plugins.ide.internal.IdeDependenciesExtractor.extractRepoFileDependencies(Lorg/gradle/api/artifacts/dsl/DependencyHandler;Ljava/util/Collection;Ljava/util/Collection;ZZ)Ljava/util/Collection;+109
j  org.gradle.plugins.ide.idea.model.internal.IdeaDependenciesProvider.provideFromScopeRuleMappings(Lorg/gradle/plugins/ide/idea/model/IdeaModule;)Ljava/util/Set;+157
j  org.gradle.plugins.ide.idea.model.internal.IdeaDependenciesProvider.provide(Lorg/gradle/plugins/ide/idea/model/IdeaModule;)Ljava/util/Set;+166
j  org.gradle.plugins.ide.idea.model.internal.IdeaDependenciesProvider$provide$0.call(Ljava/lang/Object;Ljava/lang/Object;)Ljava/lang/Object;+17
j  org.gradle.plugins.ide.idea.model.IdeaModule.resolveDependencies()Ljava/util/Set;+56
j  org.gradle.plugins.ide.internal.tooling.IdeaModelBuilder.buildDependencies(Ljava/util/Map;Lorg/gradle/plugins/ide/idea/model/IdeaModule;)V+9
j  org.gradle.plugins.ide.internal.tooling.IdeaModelBuilder.build(Lorg/gradle/api/Project;Lorg/gradle/tooling/internal/gradle/DefaultGradleProject;)Lorg/gradle/plugins/ide/internal/tooling/idea/DefaultIdeaProject;+198
j  org.gradle.plugins.ide.internal.tooling.IdeaModelBuilder.buildAll(Ljava/lang/String;Lorg/gradle/api/Project;)Lorg/gradle/plugins/ide/internal/tooling/idea/DefaultIdeaProject;+26
j  org.gradle.plugins.ide.internal.tooling.IdeaModelBuilder.buildAll(Ljava/lang/String;Lorg/gradle/api/Project;)Ljava/lang/Object;+3
j  org.gradle.tooling.internal.provider.runner.DefaultBuildController.getModel(Ljava/lang/Object;Lorg/gradle/tooling/internal/protocol/ModelIdentifier;)Lorg/gradle/tooling/internal/protocol/BuildResult;+243
j  org.gradle.tooling.internal.consumer.connection.BuildControllerAdapter.getModel(Lorg/gradle/tooling/model/Model;Ljava/lang/Class;)Ljava/lang/Object;+34
j  org.gradle.tooling.internal.consumer.connection.BuildControllerAdapter.getModel(Ljava/lang/Class;)Ljava/lang/Object;+3
j  org.jetbrains.plugins.gradle.model.ProjectImportAction.execute(Lorg/gradle/tooling/BuildController;)Lorg/jetbrains/plugins/gradle/model/ProjectImportAction$AllModels;+26
j  org.jetbrains.plugins.gradle.model.ProjectImportAction.execute(Lorg/gradle/tooling/BuildController;)Ljava/lang/Object;+2
j  org.gradle.tooling.internal.consumer.connection.InternalBuildActionAdapter.execute(Lorg/gradle/tooling/internal/protocol/InternalBuildController;)Ljava/lang/Object;+23
j  org.gradle.tooling.internal.provider.runner.ClientProvidedBuildActionRunner.run(Lorg/gradle/internal/invocation/BuildAction;Lorg/gradle/internal/invocation/BuildController;)V+113
j  org.gradle.launcher.exec.ChainingBuildActionRunner.run(Lorg/gradle/internal/invocation/BuildAction;Lorg/gradle/internal/invocation/BuildController;)V+34
j  org.gradle.tooling.internal.provider.runner.SubscribableBuildActionRunner.run(Lorg/gradle/internal/invocation/BuildAction;Lorg/gradle/internal/invocation/BuildController;)V+37
j  org.gradle.launcher.exec.ChainingBuildActionRunner.run(Lorg/gradle/internal/invocation/BuildAction;Lorg/gradle/internal/invocation/BuildController;)V+34
j  org.gradle.launcher.exec.InProcessBuildActionExecuter.execute(Lorg/gradle/internal/invocation/BuildAction;Lorg/gradle/initialization/BuildRequestContext;Lorg/gradle/launcher/exec/BuildActionParameters;Lorg/gradle/internal/service/ServiceRegistry;)Ljava/lang/Object;+63
j  org.gradle.launcher.exec.InProcessBuildActionExecuter.execute(Lorg/gradle/internal/invocation/BuildAction;Lorg/gradle/initialization/BuildRequestContext;Ljava/lang/Object;Lorg/gradle/internal/service/ServiceRegistry;)Ljava/lang/Object;+9
j  org.gradle.launcher.exec.ContinuousBuildActionExecuter.execute(Lorg/gradle/internal/invocation/BuildAction;Lorg/gradle/initialization/BuildRequestContext;Lorg/gradle/launcher/exec/BuildActionParameters;Lorg/gradle/internal/service/ServiceRegistry;)Ljava/lang/Object;+70
j  org.gradle.launcher.exec.ContinuousBuildActionExecuter.execute(Lorg/gradle/internal/invocation/BuildAction;Lorg/gradle/initialization/BuildRequestContext;Ljava/lang/Object;Lorg/gradle/internal/service/ServiceRegistry;)Ljava/lang/Object;+9
j  org.gradle.launcher.daemon.server.exec.ExecuteBuild.doBuild(Lorg/gradle/launcher/daemon/server/api/DaemonCommandExecution;Lorg/gradle/launcher/daemon/protocol/Build;)V+74
j  org.gradle.launcher.daemon.server.exec.BuildCommandOnly.execute(Lorg/gradle/launcher/daemon/server/api/DaemonCommandExecution;)V+49
j  org.gradle.launcher.daemon.server.api.DaemonCommandExecution.proceed()Z+28
j  org.gradle.launcher.daemon.server.exec.WatchForDisconnection.execute(Lorg/gradle/launcher/daemon/server/api/DaemonCommandExecution;)V+19
j  org.gradle.launcher.daemon.server.api.DaemonCommandExecution.proceed()Z+28
j  org.gradle.launcher.daemon.server.exec.ResetDeprecationLogger.execute(Lorg/gradle/launcher/daemon/server/api/DaemonCommandExecution;)V+4
j  org.gradle.launcher.daemon.server.api.DaemonCommandExecution.proceed()Z+28
j  org.gradle.launcher.daemon.server.exec.RequestStopIfSingleUsedDaemon.execute(Lorg/gradle/launcher/daemon/server/api/DaemonCommandExecution;)V+31
j  org.gradle.launcher.daemon.server.api.DaemonCommandExecution.proceed()Z+28
j  org.gradle.launcher.daemon.server.exec.ForwardClientInput$2.call()Ljava/lang/Void;+4
j  org.gradle.launcher.daemon.server.exec.ForwardClientInput$2.call()Ljava/lang/Object;+1
j  org.gradle.util.Swapper.swap(Ljava/lang/Object;Ljava/util/concurrent/Callable;)Ljava/lang/Object;+21
j  org.gradle.launcher.daemon.server.exec.ForwardClientInput.execute(Lorg/gradle/launcher/daemon/server/api/DaemonCommandExecution;)V+63
j  org.gradle.launcher.daemon.server.api.DaemonCommandExecution.proceed()Z+28
j  org.gradle.launcher.daemon.server.health.DaemonHealthTracker.execute(Lorg/gradle/launcher/daemon/server/api/DaemonCommandExecution;)V+35
j  org.gradle.launcher.daemon.server.api.DaemonCommandExecution.proceed()Z+28
j  org.gradle.launcher.daemon.server.exec.LogToClient.doBuild(Lorg/gradle/launcher/daemon/server/api/DaemonCommandExecution;Lorg/gradle/launcher/daemon/protocol/Build;)V+97
j  org.gradle.launcher.daemon.server.exec.BuildCommandOnly.execute(Lorg/gradle/launcher/daemon/server/api/DaemonCommandExecution;)V+49
j  org.gradle.launcher.daemon.server.api.DaemonCommandExecution.proceed()Z+28
j  org.gradle.launcher.daemon.server.exec.EstablishBuildEnvironment.doBuild(Lorg/gradle/launcher/daemon/server/api/DaemonCommandExecution;Lorg/gradle/launcher/daemon/protocol/Build;)V+279
j  org.gradle.launcher.daemon.server.exec.BuildCommandOnly.execute(Lorg/gradle/launcher/daemon/server/api/DaemonCommandExecution;)V+49
j  org.gradle.launcher.daemon.server.api.DaemonCommandExecution.proceed()Z+28
j  org.gradle.launcher.daemon.server.health.HintGCAfterBuild.execute(Lorg/gradle/launcher/daemon/server/api/DaemonCommandExecution;)V+1
j  org.gradle.launcher.daemon.server.api.DaemonCommandExecution.proceed()Z+28
j  org.gradle.launcher.daemon.server.exec.StartBuildOrRespondWithBusy$1.run()V+44
j  org.gradle.launcher.daemon.server.DaemonStateCoordinator$1.run()V+4
j  org.gradle.internal.concurrent.ExecutorPolicy$CatchAndRecordFailures.onExecute(Ljava/lang/Runnable;)V+1
j  org.gradle.internal.concurrent.StoppableExecutorImpl$1.run()V+25
j  java.util.concurrent.ThreadPoolExecutor.runWorker(Ljava/util/concurrent/ThreadPoolExecutor$Worker;)V+95
j  java.util.concurrent.ThreadPoolExecutor$Worker.run()V+5
j  java.lang.Thread.run()V+11
v  ~StubRoutines::call_stub

---------------  P R O C E S S  ---------------

Java Threads: ( => current thread )
  0x000000001e1ec800 JavaThread "Stdin handler" [_thread_blocked, id=9688, stack(0x0000000020c10000,0x0000000020d10000)]
=>0x000000001e1ea000 JavaThread "Daemon worker Thread 3" [_thread_in_native, id=13288, stack(0x0000000020b10000,0x0000000020c10000)]
  0x000000001e1f1000 JavaThread "Cancel handler" [_thread_blocked, id=12604, stack(0x0000000020a10000,0x0000000020b10000)]
  0x000000001e1ef800 JavaThread "Handler for socket connection from /127.0.0.1:64852 to /127.0.0.1:65533" [_thread_in_native, id=6884, stack(0x0000000020910000,0x0000000020a10000)]
  0x000000001e1eb000 JavaThread "Daemon Thread 3" [_thread_blocked, id=6244, stack(0x0000000020810000,0x0000000020910000)]
  0x00000000188be000 JavaThread "File lock request listener" [_thread_in_native, id=3780, stack(0x0000000019a10000,0x0000000019b10000)]
  0x00000000183ad000 JavaThread "Incoming local TCP Connector on port 64852" [_thread_in_native, id=7044, stack(0x0000000019210000,0x0000000019310000)]
  0x0000000016325000 JavaThread "Service Thread" daemon [_thread_blocked, id=11728, stack(0x00000000166f0000,0x00000000167f0000)]
  0x0000000014975800 JavaThread "C1 CompilerThread2" daemon [_thread_blocked, id=6308, stack(0x00000000161f0000,0x00000000162f0000)]
  0x0000000014972800 JavaThread "C2 CompilerThread1" daemon [_thread_blocked, id=8440, stack(0x00000000160f0000,0x00000000161f0000)]
  0x000000001496f800 JavaThread "C2 CompilerThread0" daemon [_thread_blocked, id=5416, stack(0x0000000015ff0000,0x00000000160f0000)]
  0x000000001496e000 JavaThread "Attach Listener" daemon [_thread_blocked, id=8872, stack(0x0000000015ef0000,0x0000000015ff0000)]
  0x000000001496b000 JavaThread "Signal Dispatcher" daemon [_thread_blocked, id=852, stack(0x0000000015df0000,0x0000000015ef0000)]
  0x000000000227c000 JavaThread "Finalizer" daemon [_thread_blocked, id=10424, stack(0x0000000015be0000,0x0000000015ce0000)]
  0x0000000014939000 JavaThread "Reference Handler" daemon [_thread_blocked, id=7124, stack(0x0000000015ae0000,0x0000000015be0000)]
  0x000000000090e000 JavaThread "main" [_thread_blocked, id=6516, stack(0x0000000002080000,0x0000000002180000)]

Other Threads:
  0x0000000014937000 VMThread [stack: 0x00000000159e0000,0x0000000015ae0000] [id=3876]
  0x0000000016336800 WatcherThread [stack: 0x00000000167f0000,0x00000000168f0000] [id=8844]

VM state:not at safepoint (normal execution)

VM Mutex/Monitor currently owned by a thread: None

Heap:
 PSYoungGen      total 190976K, used 79815K [0x00000000eab00000, 0x00000000f7b80000, 0x0000000100000000)
  eden space 168448K, 47% used [0x00000000eab00000,0x00000000ef8f1ff8,0x00000000f4f80000)
  from space 22528K, 0% used [0x00000000f6580000,0x00000000f6580000,0x00000000f7b80000)
  to   space 22528K, 0% used [0x00000000f4f80000,0x00000000f4f80000,0x00000000f6580000)
 ParOldGen       total 116736K, used 45446K [0x00000000c0000000, 0x00000000c7200000, 0x00000000eab00000)
  object space 116736K, 38% used [0x00000000c0000000,0x00000000c2c61b70,0x00000000c7200000)
 Metaspace       used 48408K, capacity 50778K, committed 50944K, reserved 1093632K
  class space    used 6557K, capacity 7140K, committed 7168K, reserved 1048576K

Card table byte_map: [0x0000000011640000,0x0000000011850000] byte_map_base: 0x0000000011040000

Marking Bits: (ParMarkBitMap*) 0x000000005d860600
 Begin Bits: [0x0000000011db0000, 0x0000000012db0000)
 End Bits:   [0x0000000012db0000, 0x0000000013db0000)

Polling page: 0x00000000001f0000

CodeCache: size=245760Kb used=25811Kb max_used=25811Kb free=219948Kb
 bounds [0x0000000002280000, 0x0000000003be0000, 0x0000000011280000]
 total_blobs=7608 nmethods=6884 adapters=635
 compilation: enabled

Compilation events (10 events):
Event: 1032.405 Thread 0x0000000014975800 7923       3       org.gradle.api.internal.artifacts.ivyservice.DefaultLenientConfiguration$1$1::isSatisfiedBy (9 bytes)
Event: 1032.406 Thread 0x0000000014975800 nmethod 7923 0x0000000003bcdad0 code [0x0000000003bcdc60, 0x0000000003bce048]
Event: 1032.406 Thread 0x0000000014975800 7924   !   3       org.gradle.api.internal.artifacts.ivyservice.DefaultLenientConfiguration$1$1::isSatisfiedBy (20 bytes)
Event: 1032.406 Thread 0x0000000014975800 nmethod 7924 0x0000000003bcd290 code [0x0000000003bcd420, 0x0000000003bcd8c8]
Event: 1032.406 Thread 0x0000000014975800 7925       3       com.google.common.collect.Lists::newArrayList (28 bytes)
Event: 1032.407 Thread 0x0000000014975800 nmethod 7925 0x0000000003bd0610 code [0x0000000003bd07c0, 0x0000000003bd0cf8]
Event: 1032.408 Thread 0x0000000014975800 7926       3       java.math.BigInteger::firstNonzeroIntNum (59 bytes)
Event: 1032.408 Thread 0x0000000014975800 nmethod 7926 0x0000000003bd0f90 code [0x0000000003bd1100, 0x0000000003bd13b0]
Event: 1032.409 Thread 0x0000000014975800 7927       3       org.apache.http.util.Args::containsNoBlanks (67 bytes)
Event: 1032.410 Thread 0x0000000014975800 nmethod 7927 0x0000000003bd14d0 code [0x0000000003bd1740, 0x0000000003bd2668]

GC Heap History (10 events):
Event: 48.269 GC heap before
{Heap before GC invocations=10 (full 2):
 PSYoungGen      total 116224K, used 101888K [0x00000000eab00000, 0x00000000f7280000, 0x0000000100000000)
  eden space 101888K, 100% used [0x00000000eab00000,0x00000000f0e80000,0x00000000f0e80000)
  from space 14336K, 0% used [0x00000000f0e80000,0x00000000f0e80000,0x00000000f1c80000)
  to   space 14336K, 0% used [0x00000000f6480000,0x00000000f6480000,0x00000000f7280000)
 ParOldGen       total 116736K, used 17261K [0x00000000c0000000, 0x00000000c7200000, 0x00000000eab00000)
  object space 116736K, 14% used [0x00000000c0000000,0x00000000c10db5c8,0x00000000c7200000)
 Metaspace       used 41085K, capacity 42024K, committed 42112K, reserved 1085440K
  class space    used 5496K, capacity 5740K, committed 5760K, reserved 1048576K
Event: 48.288 GC heap after
Heap after GC invocations=10 (full 2):
 PSYoungGen      total 182784K, used 13905K [0x00000000eab00000, 0x00000000f7280000, 0x0000000100000000)
  eden space 168448K, 0% used [0x00000000eab00000,0x00000000eab00000,0x00000000f4f80000)
  from space 14336K, 96% used [0x00000000f6480000,0x00000000f72146a0,0x00000000f7280000)
  to   space 15872K, 0% used [0x00000000f5380000,0x00000000f5380000,0x00000000f6300000)
 ParOldGen       total 116736K, used 17269K [0x00000000c0000000, 0x00000000c7200000, 0x00000000eab00000)
  object space 116736K, 14% used [0x00000000c0000000,0x00000000c10dd5c8,0x00000000c7200000)
 Metaspace       used 41085K, capacity 42024K, committed 42112K, reserved 1085440K
  class space    used 5496K, capacity 5740K, committed 5760K, reserved 1048576K
}
Event: 80.439 GC heap before
{Heap before GC invocations=11 (full 2):
 PSYoungGen      total 182784K, used 178032K [0x00000000eab00000, 0x00000000f7280000, 0x0000000100000000)
  eden space 168448K, 97% used [0x00000000eab00000,0x00000000f4b47c98,0x00000000f4f80000)
  from space 14336K, 96% used [0x00000000f6480000,0x00000000f72146a0,0x00000000f7280000)
  to   space 15872K, 0% used [0x00000000f5380000,0x00000000f5380000,0x00000000f6300000)
 ParOldGen       total 116736K, used 17269K [0x00000000c0000000, 0x00000000c7200000, 0x00000000eab00000)
  object space 116736K, 14% used [0x00000000c0000000,0x00000000c10dd5c8,0x00000000c7200000)
 Metaspace       used 46536K, capacity 48242K, committed 48384K, reserved 1091584K
  class space    used 6415K, capacity 6881K, committed 6912K, reserved 1048576K
Event: 80.498 GC heap after
Heap after GC invocations=11 (full 2):
 PSYoungGen      total 184320K, used 15856K [0x00000000eab00000, 0x00000000f7b80000, 0x0000000100000000)
  eden space 168448K, 0% used [0x00000000eab00000,0x00000000eab00000,0x00000000f4f80000)
  from space 15872K, 99% used [0x00000000f5380000,0x00000000f62fc018,0x00000000f6300000)
  to   space 22528K, 0% used [0x00000000f6580000,0x00000000f6580000,0x00000000f7b80000)
 ParOldGen       total 116736K, used 28881K [0x00000000c0000000, 0x00000000c7200000, 0x00000000eab00000)
  object space 116736K, 24% used [0x00000000c0000000,0x00000000c1c34770,0x00000000c7200000)
 Metaspace       used 46536K, capacity 48242K, committed 48384K, reserved 1091584K
  class space    used 6415K, capacity 6881K, committed 6912K, reserved 1048576K
}
Event: 80.498 GC heap before
{Heap before GC invocations=12 (full 3):
 PSYoungGen      total 184320K, used 15856K [0x00000000eab00000, 0x00000000f7b80000, 0x0000000100000000)
  eden space 168448K, 0% used [0x00000000eab00000,0x00000000eab00000,0x00000000f4f80000)
  from space 15872K, 99% used [0x00000000f5380000,0x00000000f62fc018,0x00000000f6300000)
  to   space 22528K, 0% used [0x00000000f6580000,0x00000000f6580000,0x00000000f7b80000)
 ParOldGen       total 116736K, used 28881K [0x00000000c0000000, 0x00000000c7200000, 0x00000000eab00000)
  object space 116736K, 24% used [0x00000000c0000000,0x00000000c1c34770,0x00000000c7200000)
 Metaspace       used 46536K, capacity 48242K, committed 48384K, reserved 1091584K
  class space    used 6415K, capacity 6881K, committed 6912K, reserved 1048576K
Event: 81.046 GC heap after
Heap after GC invocations=12 (full 3):
 PSYoungGen      total 184320K, used 0K [0x00000000eab00000, 0x00000000f7b80000, 0x0000000100000000)
  eden space 168448K, 0% used [0x00000000eab00000,0x00000000eab00000,0x00000000f4f80000)
  from space 15872K, 0% used [0x00000000f5380000,0x00000000f5380000,0x00000000f6300000)
  to   space 22528K, 0% used [0x00000000f6580000,0x00000000f6580000,0x00000000f7b80000)
 ParOldGen       total 116736K, used 43316K [0x00000000c0000000, 0x00000000c7200000, 0x00000000eab00000)
  object space 116736K, 37% used [0x00000000c0000000,0x00000000c2a4d3d8,0x00000000c7200000)
 Metaspace       used 46536K, capacity 48242K, committed 48384K, reserved 1091584K
  class space    used 6415K, capacity 6881K, committed 6912K, reserved 1048576K
}
Event: 401.593 GC heap before
{Heap before GC invocations=13 (full 3):
 PSYoungGen      total 184320K, used 110621K [0x00000000eab00000, 0x00000000f7b80000, 0x0000000100000000)
  eden space 168448K, 65% used [0x00000000eab00000,0x00000000f1707588,0x00000000f4f80000)
  from space 15872K, 0% used [0x00000000f5380000,0x00000000f5380000,0x00000000f6300000)
  to   space 22528K, 0% used [0x00000000f6580000,0x00000000f6580000,0x00000000f7b80000)
 ParOldGen       total 116736K, used 43316K [0x00000000c0000000, 0x00000000c7200000, 0x00000000eab00000)
  object space 116736K, 37% used [0x00000000c0000000,0x00000000c2a4d3d8,0x00000000c7200000)
 Metaspace       used 47836K, capacity 50106K, committed 50176K, reserved 1091584K
  class space    used 6526K, capacity 7098K, committed 7168K, reserved 1048576K
Event: 401.601 GC heap after
Heap after GC invocations=13 (full 3):
 PSYoungGen      total 190976K, used 4912K [0x00000000eab00000, 0x00000000f7b80000, 0x0000000100000000)
  eden space 168448K, 0% used [0x00000000eab00000,0x00000000eab00000,0x00000000f4f80000)
  from space 22528K, 21% used [0x00000000f6580000,0x00000000f6a4c2f8,0x00000000f7b80000)
  to   space 22528K, 0% used [0x00000000f4f80000,0x00000000f4f80000,0x00000000f6580000)
 ParOldGen       total 116736K, used 43324K [0x00000000c0000000, 0x00000000c7200000, 0x00000000eab00000)
  object space 116736K, 37% used [0x00000000c0000000,0x00000000c2a4f3d8,0x00000000c7200000)
 Metaspace       used 47836K, capacity 50106K, committed 50176K, reserved 1091584K
  class space    used 6526K, capacity 7098K, committed 7168K, reserved 1048576K
}
Event: 401.601 GC heap before
{Heap before GC invocations=14 (full 4):
 PSYoungGen      total 190976K, used 4912K [0x00000000eab00000, 0x00000000f7b80000, 0x0000000100000000)
  eden space 168448K, 0% used [0x00000000eab00000,0x00000000eab00000,0x00000000f4f80000)
  from space 22528K, 21% used [0x00000000f6580000,0x00000000f6a4c2f8,0x00000000f7b80000)
  to   space 22528K, 0% used [0x00000000f4f80000,0x00000000f4f80000,0x00000000f6580000)
 ParOldGen       total 116736K, used 43324K [0x00000000c0000000, 0x00000000c7200000, 0x00000000eab00000)
  object space 116736K, 37% used [0x00000000c0000000,0x00000000c2a4f3d8,0x00000000c7200000)
 Metaspace       used 47836K, capacity 50106K, committed 50176K, reserved 1091584K
  class space    used 6526K, capacity 7098K, committed 7168K, reserved 1048576K
Event: 401.922 GC heap after
Heap after GC invocations=14 (full 4):
 PSYoungGen      total 190976K, used 0K [0x00000000eab00000, 0x00000000f7b80000, 0x0000000100000000)
  eden space 168448K, 0% used [0x00000000eab00000,0x00000000eab00000,0x00000000f4f80000)
  from space 22528K, 0% used [0x00000000f6580000,0x00000000f6580000,0x00000000f7b80000)
  to   space 22528K, 0% used [0x00000000f4f80000,0x00000000f4f80000,0x00000000f6580000)
 ParOldGen       total 116736K, used 45446K [0x00000000c0000000, 0x00000000c7200000, 0x00000000eab00000)
  object space 116736K, 38% used [0x00000000c0000000,0x00000000c2c61b70,0x00000000c7200000)
 Metaspace       used 47768K, capacity 49942K, committed 50176K, reserved 1091584K
  class space    used 6505K, capacity 7046K, committed 7168K, reserved 1048576K
}

Deoptimization events (10 events):
Event: 81.052 Thread 0x000000001881c800 Uncommon trap: reason=unstable_if action=reinterpret pc=0x0000000003591ce0 method=java.util.concurrent.locks.AbstractQueuedSynchronizer.release(I)Z @ 14
Event: 81.118 Thread 0x00000000186ea800 Uncommon trap: reason=class_check action=maybe_recompile pc=0x0000000002f7ba3c method=sun.security.provider.DigestBase.engineUpdate([BII)V @ 128
Event: 81.167 Thread 0x00000000186eb800 Uncommon trap: reason=unstable_if action=reinterpret pc=0x0000000002618fb4 method=java.util.concurrent.locks.ReentrantLock$Sync.nonfairTryAcquire(I)Z @ 34
Event: 333.266 Thread 0x000000001e1ea000 Uncommon trap: reason=range_check action=make_not_entrant pc=0x00000000023bc4f4 method=java.lang.String.charAt(I)C @ 27
Event: 333.303 Thread 0x000000001e1ea000 Uncommon trap: reason=unstable_if action=reinterpret pc=0x0000000002407390 method=java.io.ByteArrayInputStream.read()I @ 8
Event: 333.709 Thread 0x000000001e1ea000 Uncommon trap: reason=unstable_if action=reinterpret pc=0x00000000029ac664 method=java.io.StringReader.read()I @ 19
Event: 401.922 Thread 0x0000000014939000 Uncommon trap: reason=unstable_if action=reinterpret pc=0x0000000002b44474 method=java.lang.ref.Reference.tryHandlePending(Z)Z @ 20
Event: 1031.866 Thread 0x000000001e1ea000 Uncommon trap: reason=null_check action=make_not_entrant pc=0x0000000003908ae8 method=org.codehaus.groovy.runtime.typehandling.DefaultTypeTransformation.castToType(Ljava/lang/Object;Ljava/lang/Class;)Ljava/lang/Object; @ 28
Event: 1032.084 Thread 0x000000001e1ea000 Uncommon trap: reason=null_check action=make_not_entrant pc=0x0000000003b54da0 method=java.lang.Class.isEnum()Z @ 1
Event: 1032.242 Thread 0x000000001e1ea000 Uncommon trap: reason=null_check action=make_not_entrant pc=0x0000000003b96814 method=org.codehaus.groovy.runtime.typehandling.DefaultTypeTransformation.castToType(Ljava/lang/Object;Ljava/lang/Class;)Ljava/lang/Object; @ 65

Internal exceptions (10 events):
Event: 1032.322 Thread 0x000000001e1ea000 Exception <a 'java/lang/ClassNotFoundException': org/jetbrains/plugins/gradle/tooling/builder/WarModelBuilderImplBeanInfo> (0x00000000ef4a8588) thrown at [D:\re\workspace\8-2-build-windows-amd64-cygwin\jdk8u77\6540\hotspot\src\share\vm\classfile\systemDict◊ö7J!ê@
Event: 1032.322 Thread 0x000000001e1ea000 Exception <a 'java/lang/ClassNotFoundException': org/jetbrains/plugins/gradle/tooling/builder/WarModelBuilderImplCustomizer> (0x00000000ef4b43f8) thrown at [D:\re\workspace\8-2-build-windows-amd64-cygwin\jdk8u77\6540\hotspot\src\share\vm\classfile\systemDi;≥)úL!ê@
Event: 1032.325 Thread 0x000000001e1ea000 Exception <a 'java/lang/ClassNotFoundException': org/jetbrains/plugins/gradle/model/web/WebConfigurationBeanInfo> (0x00000000ef4dff60) thrown at [D:\re\workspace\8-2-build-windows-amd64-cygwin\jdk8u77\6540\hotspot\src\share\vm\classfile\systemDictionary.cpŒG
M!ê@
Event: 1032.325 Thread 0x000000001e1ea000 Exception <a 'java/lang/ClassNotFoundException': org/jetbrains/plugins/gradle/model/web/WebConfigurationCustomizer> (0x00000000ef4eb128) thrown at [D:\re\workspace\8-2-build-windows-amd64-cygwin\jdk8u77\6540\hotspot\src\share\vm\classfile\systemDictionary.U·∏ﬂT!ê@
Event: 1032.333 Thread 0x000000001e1ea000 Exception <a 'java/lang/ClassNotFoundException': org/jetbrains/plugins/gradle/tooling/builder/TasksFactoryBeanInfo> (0x00000000ef5455b0) thrown at [D:\re\workspace\8-2-build-windows-amd64-cygwin\jdk8u77\6540\hotspot\src\share\vm\classfile\systemDictionary.£Çè>U!ê@
Event: 1032.333 Thread 0x000000001e1ea000 Exception <a 'java/lang/ClassNotFoundException': org/jetbrains/plugins/gradle/tooling/builder/TasksFactoryCustomizer> (0x00000000ef550d40) thrown at [D:\re\workspace\8-2-build-windows-amd64-cygwin\jdk8u77\6540\hotspot\src\share\vm\classfile\systemDictionarG 2§V!ê@
Event: 1032.335 Thread 0x000000001e1ea000 Exception <a 'java/lang/ClassNotFoundException': org/jetbrains/plugins/gradle/tooling/builder/ExternalProjectBuilderImplBeanInfo> (0x00000000ef57c620) thrown at [D:\re\workspace\8-2-build-windows-amd64-cygwin\jdk8u77\6540\hotspot\src\share\vm\classfile\sysBY\W!ê@
Event: 1032.335 Thread 0x000000001e1ea000 Exception <a 'java/lang/ClassNotFoundException': org/jetbrains/plugins/gradle/tooling/builder/ExternalProjectBuilderImplCustomizer> (0x00000000ef5890e8) thrown at [D:\re\workspace\8-2-build-windows-amd64-cygwin\jdk8u77\6540\hotspot\src\share\vm\classfile\s
Event: 1032.339 Thread 0x000000001e1ea000 Exception <a 'java/lang/ClassNotFoundException': com/intellij/openapi/externalSystem/model/ExternalProjectBeanInfo> (0x00000000ef5cf520) thrown at [D:\re\workspace\8-2-build-windows-amd64-cygwin\jdk8u77\6540\hotspot\src\share\vm\classfile\systemDictionary.©J≤[!ê@
Event: 1032.339 Thread 0x000000001e1ea000 Exception <a 'java/lang/ClassNotFoundException': com/intellij/openapi/externalSystem/model/ExternalProjectCustomizer> (0x00000000ef5dac78) thrown at [D:\re\workspace\8-2-build-windows-amd64-cygwin\jdk8u77\6540\hotspot\src\share\vm\classfile\systemDictionar”∆s™I!ê@

Events (10 events):
Event: 1032.338 loading class com/intellij/openapi/externalSystem/model/ExternalProjectBeanInfo
Event: 1032.338 loading class com/intellij/openapi/externalSystem/model/ExternalProjectBeanInfo done
Event: 1032.339 loading class com/intellij/openapi/externalSystem/model/ExternalProjectCustomizer
Event: 1032.339 loading class com/intellij/openapi/externalSystem/model/ExternalProjectCustomizer done
Event: 1032.339 loading class com/intellij/openapi/externalSystem/model/ExternalProjectCustomizer
Event: 1032.339 loading class com/intellij/openapi/externalSystem/model/ExternalProjectCustomizer done
Event: 1032.405 Executing VM operation: ForceSafepoint
Event: 1032.405 Executing VM operation: ForceSafepoint done
Event: 1032.408 loading class org/gradle/api/internal/artifacts/ivyservice/ivyresolve/CacheLockReleasingModuleComponentsRepository$LockReleasingRepositoryAccess$3
Event: 1032.408 loading class org/gradle/api/internal/artifacts/ivyservice/ivyresolve/CacheLockReleasingModuleComponentsRepository$LockReleasingRepositoryAccess$3 done


Dynamic libraries:
0x00007ff638050000 - 0x00007ff638087000 	C:\Program Files\Java\jdk1.8.0_77\bin\java.exe
0x00007ffb4fa90000 - 0x00007ffb4fc51000 	C:\Windows\SYSTEM32\ntdll.dll
0x00007ffb4f580000 - 0x00007ffb4f62d000 	C:\Windows\system32\KERNEL32.DLL
0x00007ffb4cc50000 - 0x00007ffb4ce38000 	C:\Windows\system32\KERNELBASE.dll
0x00007ffb4f700000 - 0x00007ffb4f7a7000 	C:\Windows\system32\ADVAPI32.dll
0x00007ffb4f9f0000 - 0x00007ffb4fa8d000 	C:\Windows\system32\msvcrt.dll
0x00007ffb4cef0000 - 0x00007ffb4cf4b000 	C:\Windows\system32\sechost.dll
0x00007ffb4cf50000 - 0x00007ffb4d06c000 	C:\Windows\system32\RPCRT4.dll
0x00007ffb4d4a0000 - 0x00007ffb4d5f6000 	C:\Windows\system32\USER32.dll
0x00007ffb4d070000 - 0x00007ffb4d1f6000 	C:\Windows\system32\GDI32.dll
0x00007ffb3f7d0000 - 0x00007ffb3fa44000 	C:\Windows\WinSxS\amd64_microsoft.windows.common-controls_6595b64144ccf1df_6.0.10586.0_none_8c15ae12515e1c22\COMCTL32.dll
0x00007ffb4ec10000 - 0x00007ffb4ee8d000 	C:\Windows\system32\combase.dll
0x00007ffb4c430000 - 0x00007ffb4c49a000 	C:\Windows\system32\bcryptPrimitives.dll
0x00007ffb4ceb0000 - 0x00007ffb4ceeb000 	C:\Windows\system32\IMM32.DLL
0x000000005c840000 - 0x000000005c912000 	C:\Program Files\Java\jdk1.8.0_77\jre\bin\msvcr100.dll
0x000000005d050000 - 0x000000005d8e0000 	C:\Program Files\Java\jdk1.8.0_77\jre\bin\server\jvm.dll
0x00007ffb4cea0000 - 0x00007ffb4cea8000 	C:\Windows\system32\PSAPI.DLL
0x00007ffb4af20000 - 0x00007ffb4af2a000 	C:\Windows\SYSTEM32\VERSION.dll
0x00007ffb4a500000 - 0x00007ffb4a509000 	C:\Windows\SYSTEM32\WSOCK32.dll
0x00007ffb4a5d0000 - 0x00007ffb4a5f3000 	C:\Windows\SYSTEM32\WINMM.dll
0x00007ffb4f980000 - 0x00007ffb4f9eb000 	C:\Windows\system32\WS2_32.dll
0x00007ffb4a540000 - 0x00007ffb4a56c000 	C:\Windows\SYSTEM32\WINMMBASE.dll
0x00007ffb4ce40000 - 0x00007ffb4ce83000 	C:\Windows\system32\cfgmgr32.dll
0x000000005cf60000 - 0x000000005cf6f000 	C:\Program Files\Java\jdk1.8.0_77\jre\bin\verify.dll
0x000000005cf30000 - 0x000000005cf59000 	C:\Program Files\Java\jdk1.8.0_77\jre\bin\java.dll
0x000000005cf10000 - 0x000000005cf26000 	C:\Program Files\Java\jdk1.8.0_77\jre\bin\zip.dll
0x00007ffb4d6b0000 - 0x00007ffb4ec0f000 	C:\Windows\system32\SHELL32.dll
0x00007ffb4c600000 - 0x00007ffb4cc44000 	C:\Windows\system32\windows.storage.dll
0x00007ffb4f630000 - 0x00007ffb4f682000 	C:\Windows\system32\shlwapi.dll
0x00007ffb4c120000 - 0x00007ffb4c12f000 	C:\Windows\system32\kernel.appcore.dll
0x00007ffb4c310000 - 0x00007ffb4c3c5000 	C:\Windows\system32\shcore.dll
0x00007ffb4c0b0000 - 0x00007ffb4c0fb000 	C:\Windows\system32\powrprof.dll
0x00007ffb4c100000 - 0x00007ffb4c114000 	C:\Windows\system32\profapi.dll
0x000000005cef0000 - 0x000000005cf0a000 	C:\Program Files\Java\jdk1.8.0_77\jre\bin\net.dll
0x0000000180000000 - 0x000000018008c000 	C:\Windows\system32\ASProxy64.dll
0x00007ffb4ee90000 - 0x00007ffb4efd3000 	C:\Windows\system32\ole32.dll
0x00007ffb4d200000 - 0x00007ffb4d2c1000 	C:\Windows\system32\OLEAUT32.dll
0x00007ffb4b9e0000 - 0x00007ffb4ba3c000 	C:\Windows\SYSTEM32\MSWSOCK.dll
0x00007ffb4af30000 - 0x00007ffb4af68000 	C:\Windows\SYSTEM32\IPHLPAPI.DLL
0x00007ffb4bd90000 - 0x00007ffb4bdbd000 	C:\Windows\SYSTEM32\SspiCli.dll
0x00007ffb4a9b0000 - 0x00007ffb4aa46000 	C:\Windows\system32\uxtheme.dll
0x00007ffb4d600000 - 0x00007ffb4d6a7000 	C:\Windows\system32\clbcatq.dll
0x00007ffb4bf40000 - 0x00007ffb4bfd9000 	C:\Windows\SYSTEM32\sxs.dll
0x000000005ced0000 - 0x000000005cee1000 	C:\Program Files\Java\jdk1.8.0_77\jre\bin\nio.dll
0x00007ffb3f270000 - 0x00007ffb3f282000 	C:\Users\beau-\.gradle\native\19\windows-amd64\native-platform.dll
0x00007ffb4ce90000 - 0x00007ffb4ce98000 	C:\Windows\system32\NSI.dll
0x00007ffb463b0000 - 0x00007ffb463c6000 	C:\Windows\SYSTEM32\dhcpcsvc6.DLL
0x00007ffb46dd0000 - 0x00007ffb46dea000 	C:\Windows\SYSTEM32\dhcpcsvc.DLL
0x00007ffb4ba90000 - 0x00007ffb4baa7000 	C:\Windows\SYSTEM32\CRYPTSP.dll
0x00007ffb4b720000 - 0x00007ffb4b754000 	C:\Windows\system32\rsaenh.dll
0x00007ffb4bfe0000 - 0x00007ffb4c009000 	C:\Windows\SYSTEM32\bcrypt.dll
0x00007ffb4b870000 - 0x00007ffb4b88f000 	C:\Windows\SYSTEM32\USERENV.dll
0x00007ffb4bbb0000 - 0x00007ffb4bbbb000 	C:\Windows\SYSTEM32\CRYPTBASE.dll
0x000000005ccd0000 - 0x000000005ccdd000 	C:\Program Files\Java\jdk1.8.0_77\jre\bin\management.dll
0x000000005cb80000 - 0x000000005cba4000 	C:\Program Files\Java\jdk1.8.0_77\jre\bin\sunec.dll
0x00007ffb4aaa0000 - 0x00007ffb4ab4a000 	C:\Windows\SYSTEM32\DNSAPI.dll
0x00007ffb4a100000 - 0x00007ffb4a10a000 	C:\Windows\System32\rasadhlp.dll
0x00007ffb466f0000 - 0x00007ffb46757000 	C:\Windows\System32\fwpuclnt.dll
0x00007ffb3d1e0000 - 0x00007ffb3d36c000 	C:\Windows\SYSTEM32\dbghelp.dll

VM Arguments:
jvm_args: -XX:MaxPermSize=256m -XX:+HeapDumpOnOutOfMemoryError -Xmx1024m -Dfile.encoding=windows-1252 -Duser.country=FR -Duser.language=fr -Duser.variant 
java_command: org.gradle.launcher.daemon.bootstrap.GradleDaemon 2.12
java_class_path (initial): C:\Users\beau-\.gradle\wrapper\dists\gradle-2.12-all\8ywkdai6puj5z81fume4e7njw\gradle-2.12\lib\gradle-launcher-2.12.jar
Launcher Type: SUN_STANDARD

Environment Variables:
JAVA_HOME=C:\Program Files\Java\jdk1.8.0_77\
PATH=C:\Program Files\Java\jdk1.8.0_77\bin;C:\windows\system32;C:\Windows;C:\Windows\System32\Wbem;C:\Windows\System32\WindowsPowerShell\v1.0\;C:\Program Files\Git\cmd;C:\Program Files (x86)\Skype\Phone\;C:\Program Files\TortoiseSVN\bin;C:\Program Files (x86)\GtkSharp\2.12\bin;C:\Program Files (x86)\eclipse\Android\android-sdk\tools;C:\Program Files (x86)\eclipse\Android\android-sdk\platform-tools
USERNAME=beau-
OS=Windows_NT
PROCESSOR_IDENTIFIER=Intel64 Family 6 Model 42 Stepping 7, GenuineIntel



---------------  S Y S T E M  ---------------

OS: Windows 10.0 , 64 bit Build 10586 (10.0.10586.0)

CPU:total 4 (2 cores per cpu, 2 threads per core) family 6 model 42 stepping 7, cmov, cx8, fxsr, mmx, sse, sse2, sse3, ssse3, sse4.1, sse4.2, popcnt, avx, aes, clmul, ht, tsc, tscinvbit

Memory: 4k page, physical 12509112k(5495008k free), swap 14409656k(5364064k free)

vm_info: Java HotSpot(TM) 64-Bit Server VM (25.77-b03) for windows-amd64 JRE (1.8.0_77-b03), built on Mar 20 2016 22:01:33 by "java_re" with MS VC++ 10.0 (VS2010)

time: Tue Mar 29 15:00:03 2016
elapsed time: 1032 seconds (0d 0h 17m 12s)

